[28/01/2013 20:40:45] /a 5
[28/01/2013 20:40:46] /a 5
[28/01/2013 20:40:55] /m rat
[28/01/2013 20:41:03] /m orshabaal
[28/01/2013 20:41:12] /n "thunder hammer"
[28/01/2013 20:41:21] /ghost
[28/01/2013 20:41:25] /ghost
[28/01/2013 20:41:47] /i
[28/01/2013 20:41:51] /i "thunder hammer"
[28/01/2013 20:42:49] /a 1
[28/01/2013 20:42:51] /a 1
[28/01/2013 20:43:20] /s rat
[28/01/2013 20:52:04] /a 1
[28/01/2013 20:52:26] /a 1
[28/01/2013 20:52:31] /a 1
[28/01/2013 20:52:34] /a 1
[28/01/2013 20:52:54] /a 2
[28/01/2013 20:52:56] /a 2
[28/01/2013 20:53:43] /a 1
[28/01/2013 20:53:53] /a 1
[28/01/2013 20:53:55] /a 1
[28/01/2013 20:53:55] /a 1
[28/01/2013 20:54:05] /a 1
[28/01/2013 20:54:06] /a 1
[28/01/2013 20:54:07] /a 1
[28/01/2013 20:54:13] /m rat
[28/01/2013 20:55:39] /m rat
[28/01/2013 20:56:28] /up
[28/01/2013 20:56:29] /down
[28/01/2013 20:56:31] /up
[28/01/2013 20:57:55] /b where gm island
[28/01/2013 20:57:59] /town venore
[28/01/2013 20:58:03] /town gm island
[28/01/2013 20:59:29] /down
[28/01/2013 20:59:34] /b go down
[28/01/2013 20:59:35] /down
[28/01/2013 20:59:48] /up
[28/01/2013 20:59:49] /down
[28/01/2013 20:59:52] /up
[28/01/2013 21:00:05] /down
[28/01/2013 21:00:25] /town zao
[28/01/2013 21:00:28] /town farmine
[28/01/2013 21:00:33] /town thais
[28/01/2013 21:00:36] /a 5
[28/01/2013 21:00:36] /a 5
[28/01/2013 21:00:37] /a 5
[28/01/2013 21:00:37] /a 5
[28/01/2013 21:00:37] /a 5
[28/01/2013 21:00:39] /a 5
[28/01/2013 21:00:41] /a 5
[28/01/2013 21:00:41] /a 5
[28/01/2013 21:00:42] /a 5
[28/01/2013 21:00:42] /a 5
[28/01/2013 21:00:43] /a 5
[28/01/2013 21:00:43] /a 5
[28/01/2013 21:00:45] /a 5
[28/01/2013 21:00:45] /a 5
[28/01/2013 21:00:46] /a 5
[28/01/2013 21:00:47] /a 5
[28/01/2013 21:00:47] /a 5
[28/01/2013 21:00:48] /a 5
[28/01/2013 21:00:50] /a 5
[28/01/2013 21:00:51] /a 5
[28/01/2013 21:00:52] /a 5
[28/01/2013 21:00:53] /a 5
[28/01/2013 21:00:54] /a 5
[28/01/2013 21:00:56] /a 50
[28/01/2013 21:00:57] /a 50
[28/01/2013 21:01:00] /a 43
[28/01/2013 21:01:02] /a 20
[28/01/2013 21:01:03] /a 20
[28/01/2013 21:01:04] /a 20
[28/01/2013 21:01:06] /a 20
[28/01/2013 21:01:08] /a 5
[28/01/2013 21:01:09] /a 5
[28/01/2013 21:01:22] /m dog
[28/01/2013 21:01:37] /b thais cyc portal broke
[28/01/2013 21:01:44] /b we need to remove walls from depot
[28/01/2013 21:01:47] /down
[28/01/2013 21:01:49] /down
[28/01/2013 21:01:51] /up
[28/01/2013 21:01:53] /down
[28/01/2013 21:02:01] /up
[28/01/2013 21:02:02] /up
[28/01/2013 21:02:03] /up
[28/01/2013 21:02:06] /a 100
[28/01/2013 21:02:08] /a 100
[28/01/2013 21:02:09] /a 100
[28/01/2013 21:02:12] /a 50
[28/01/2013 21:02:23] /a 50
[28/01/2013 21:02:23] /a 50
[28/01/2013 21:02:24] /a 50
[28/01/2013 21:02:25] /a 50
[28/01/2013 21:02:27] /a 50
[28/01/2013 21:02:28] /a 50
[28/01/2013 21:02:30] /a 50
[28/01/2013 21:02:31] /a 50
[28/01/2013 21:02:38] /goto GM Patrick
[28/01/2013 21:05:20] /goto GM Patrick
[28/01/2013 21:05:25] /reload
[28/01/2013 21:05:29] /clean
[28/01/2013 21:07:47] /clean
[28/01/2013 21:07:53] /b clean doesnt wipe gh
[28/01/2013 21:09:15] /town venore
[28/01/2013 21:09:27] /a 2
[28/01/2013 21:10:37] /town thais
[28/01/2013 23:27:16] /i 2378
[28/01/2013 23:27:36] /i 2376
[29/01/2013 00:08:20] /town roogaard
[29/01/2013 00:08:26] /town Rookgaard
[29/01/2013 00:08:49] /town Ab'Dendriel
[29/01/2013 00:16:10] /b ok it works
[29/01/2013 00:16:30] /b at least in ab depot basement
[29/01/2013 00:16:52] /goto GM Patrick
[29/01/2013 00:19:59] /m rat
[29/01/2013 00:21:43] /town carlin
[29/01/2013 00:22:04] /town farmine
[29/01/2013 00:22:20] /town Yalahar
[29/01/2013 00:22:45] /town farmine
[29/01/2013 00:22:53] /town farmine
[29/01/2013 00:23:57] /town thais
[29/01/2013 00:34:22] /m orshabaal
[29/01/2013 00:34:23] /m orshabaal
[29/01/2013 00:34:23] /m orshabaal
[29/01/2013 00:34:24] /m orshabaal
[29/01/2013 00:36:06] /kick Dookie
[29/01/2013 00:38:40] /raid testraid
[29/01/2013 01:07:34] /ghost
[29/01/2013 01:07:49] /m orshabaal
[29/01/2013 01:08:45] /r
[29/01/2013 01:08:53] /r
[29/01/2013 01:09:10] /m ferumbras
[29/01/2013 01:09:52] /r
[29/01/2013 01:09:57] /m orshabaal
[29/01/2013 01:10:12] /r demon
[29/01/2013 01:10:15] /r orshabaal
[29/01/2013 01:10:18] /r orshabaal
[29/01/2013 01:10:19] /r orshabaal
[29/01/2013 01:10:21] /r orshabaal
[29/01/2013 01:10:22] /r orshabaal
[29/01/2013 01:10:22] /r orshabaal
[29/01/2013 01:10:24] /r orshabaal
[29/01/2013 01:10:38] /m butterfly
[29/01/2013 01:10:40] /m butterfly
[29/01/2013 01:10:41] /m butterfly
[29/01/2013 01:10:42] /m butterfly
[29/01/2013 01:11:20] /m orshabaal
[29/01/2013 01:11:20] /m orshabaal
[29/01/2013 01:11:28] /r
[29/01/2013 01:11:29] /r
[29/01/2013 01:11:47] /m demon
[29/01/2013 01:11:50] /m demon
[29/01/2013 01:11:50] /m demon
[29/01/2013 01:11:51] /m demon
[29/01/2013 01:11:51] /m demon
[29/01/2013 01:11:51] /m demon
[29/01/2013 01:11:52] /m demon
[29/01/2013 01:11:52] /m demon
[29/01/2013 01:11:53] /m demon
[29/01/2013 01:11:56] /a 2
[29/01/2013 01:11:59] /m demon
[29/01/2013 01:12:00] /m demon
[29/01/2013 01:12:00] /m demon
[29/01/2013 01:12:01] /m demon
[29/01/2013 01:12:03] /a 2
[29/01/2013 01:12:17] /clean
[29/01/2013 02:23:29] /goto GM Patrick
[29/01/2013 02:24:19] /town yalahar
[29/01/2013 02:24:37] /b it?
[29/01/2013 02:24:47] /town Farmine
[29/01/2013 02:24:53] /town yalahar
[29/01/2013 02:24:55] /b dont know
[29/01/2013 02:24:59] /b boat npc is here
[29/01/2013 02:25:04] /b pls use /b to broadcast
[29/01/2013 02:25:35] /b yalahar full NPCs
[29/01/2013 02:26:37] /bc test
[29/01/2013 02:26:44] /c
[29/01/2013 02:26:48] /c
[29/01/2013 02:26:49] /c
[29/01/2013 02:26:51] /r
[29/01/2013 02:26:53] /r
[29/01/2013 02:27:09] /r
[29/01/2013 02:27:19] /c 
[29/01/2013 02:27:26] /c 
[29/01/2013 02:27:28] /c
[29/01/2013 02:27:34] /r
[29/01/2013 02:27:35] /r
[29/01/2013 02:28:02] /ghost
[29/01/2013 02:29:22] /ghost
[29/01/2013 02:35:40] /r
[29/01/2013 02:35:42] /r
[29/01/2013 02:35:43] /r
[29/01/2013 13:08:33] /town carlin
[29/01/2013 15:24:43] /town thais
[29/01/2013 15:25:09] /town ab'dendriel
[29/01/2013 16:32:46] /town GM Island
[29/01/2013 17:20:10] /town ab'dendriel
[29/01/2013 17:21:38] /a 100
[29/01/2013 17:21:39] /a 100
[29/01/2013 17:21:45] /a 100\
[29/01/2013 17:21:46] /a 100\
[29/01/2013 17:21:48] /a 100
[29/01/2013 17:21:50] /a 100
[29/01/2013 17:22:45] /down
[29/01/2013 17:22:47] /down
[29/01/2013 17:22:48] /down
[29/01/2013 17:22:52] /down
[29/01/2013 17:22:53] /down
[29/01/2013 17:22:54] /down
[29/01/2013 17:22:55] /down
[29/01/2013 17:22:58] /a 5
[29/01/2013 17:23:00] /a 5
[29/01/2013 17:23:02] /down
[29/01/2013 17:23:03] /down
[29/01/2013 17:23:05] /a 100
[29/01/2013 17:23:06] /a 100
[29/01/2013 17:23:15] /down
[29/01/2013 17:23:17] /down
[29/01/2013 17:24:47] /a 50
[29/01/2013 17:24:50] /a 5
[29/01/2013 17:26:42] /down
[29/01/2013 17:26:44] /down
[29/01/2013 17:26:48] /down
[29/01/2013 17:30:51] /goto GM Patrick
[29/01/2013 17:32:01] /m orshabaal
[29/01/2013 17:32:46] /m ferumbras
[29/01/2013 17:36:23] /m "zulazza the corrupter"
[29/01/2013 17:36:25] /m "zulazza the corruptor"
[29/01/2013 17:36:39] /m zulazza the corruptor
[29/01/2013 17:37:22] /m frodo
[29/01/2013 17:37:26] /s frodo
[29/01/2013 17:40:10] /m dreadwing
[29/01/2013 17:40:28] /clean
[29/01/2013 17:43:28] /b fug it didnt save cuz it crashed. this probably what happened to rohan
[29/01/2013 17:43:39] /m ferumbras
[29/01/2013 17:44:19] /town venore
[29/01/2013 17:44:22] /goto GM Patrick
[29/01/2013 17:45:26] /b theyre all like dis
[29/01/2013 17:45:28] /town carlin
[29/01/2013 17:45:55] /b all carlin done? i find free house
[29/01/2013 17:46:09] /b brb
[29/01/2013 17:51:20] /r
[29/01/2013 17:53:00] /town Edron
[29/01/2013 17:53:30] /m ferumbras
[29/01/2013 17:54:17] /goto GM Patrick
[29/01/2013 17:54:20] /town Venore
[29/01/2013 18:08:12] /goto GM Patrick
[29/01/2013 18:08:23] /b go on dokie, test regen
[29/01/2013 18:09:23] /b 18:09 It is locked.
[29/01/2013 18:09:31] /b dis is NW guard blocks
[29/01/2013 18:10:14] /b farmine isnt even in 8.6
[29/01/2013 18:10:20] /b no post office sends there
[29/01/2013 18:10:28] /b all post office signs dont say Farmine
[29/01/2013 18:11:06] /goto GM Patrick
[29/01/2013 18:11:20] /r
[29/01/2013 18:12:32] /raid testraid
[29/01/2013 18:12:36] /goto Dookie
[29/01/2013 18:16:03] /m ferumbras
[29/01/2013 18:16:46] /m orshabaal
[29/01/2013 18:16:46] /m orshabaal
[29/01/2013 18:17:04] /m orshabaal
[29/01/2013 18:17:04] /m orshabaal
[29/01/2013 18:17:06] /m orshabaal
[29/01/2013 18:17:13] /goto Dookie
[29/01/2013 18:18:37] /ghost
[29/01/2013 18:18:58] /goto Dookie
[29/01/2013 18:19:46] /m rat
[29/01/2013 18:20:43] /m trainer monk
[29/01/2013 18:20:46] /m training monk
[29/01/2013 18:21:06] /m player hacker
[29/01/2013 18:21:08] /m player hacker
[29/01/2013 18:21:11] /m hunter
[29/01/2013 18:21:12] /m hunter
[29/01/2013 18:21:12] /m hunter
[29/01/2013 18:21:13] /m hunter
[29/01/2013 18:21:14] /m hunter
[29/01/2013 18:21:15] /m hunter
[29/01/2013 18:21:16] /m hunter
[29/01/2013 18:21:20] /m hunter
[29/01/2013 18:21:24] /a 3
[29/01/2013 18:21:27] /a 3
[29/01/2013 18:21:32] /m demon
[29/01/2013 18:22:11] /m stalker
[29/01/2013 18:22:50] /m ferumbras
[29/01/2013 18:23:55] /a 2
[29/01/2013 18:24:17] /r
[29/01/2013 18:24:33] /m orshabaal
[29/01/2013 18:24:34] /m orshabaal
[29/01/2013 18:24:35] /m orshabaal
[29/01/2013 18:24:36] /m orshabaal
[29/01/2013 18:24:37] /m orshabaal
[29/01/2013 18:25:25] /goto dookie
[29/01/2013 18:25:54] /m hero
[29/01/2013 18:27:14] /ghost
[29/01/2013 18:27:32] /m ferumbras
[29/01/2013 18:27:32] /m ferumbras
[29/01/2013 18:27:33] /m ferumbras
[29/01/2013 18:27:33] /m ferumbras
[29/01/2013 18:27:43] /m ferumbras
[29/01/2013 18:27:45] /m ferumbras
[29/01/2013 18:27:52] /s ferumbras
[29/01/2013 18:28:23] /r
[29/01/2013 18:37:17] /m ferumbras
[29/01/2013 18:37:56] /a 2
[29/01/2013 18:37:58] /a 2
[29/01/2013 18:37:59] /r
[29/01/2013 18:38:00] /r
[29/01/2013 18:38:02] /r
[29/01/2013 18:38:13] /a 2
[29/01/2013 18:38:14] /a 2
[29/01/2013 19:08:33] /goto GM Patrick
[29/01/2013 19:08:37] /goto GM Patrick
[29/01/2013 19:08:40] /goto GM Patrick
[29/01/2013 19:10:37] /goto GM Patrick
[29/01/2013 19:10:40] /a 2
[29/01/2013 19:11:59] /goto GM Patrick
[29/01/2013 19:12:01] /goto GM Patrick
[29/01/2013 19:12:03] /goto GM Patrick
[29/01/2013 19:12:06] /goto GM Patrick
[29/01/2013 19:12:09] /goto GM Patrick
[29/01/2013 19:12:17] /goto GM Patrick
[29/01/2013 19:12:24] /goto GM Patrick
[29/01/2013 19:12:26] /goto GM Patrick
[29/01/2013 19:12:28] /goto GM Patrick
[29/01/2013 19:12:30] /goto GM Patrick
[29/01/2013 19:12:31] /goto GM Patrick
[29/01/2013 19:12:31] /goto GM Patrick
[29/01/2013 19:12:36] /goto GM Patrick
[29/01/2013 19:12:38] /goto GM Patrick
[29/01/2013 19:12:42] /goto GM Patrick
[29/01/2013 19:12:47] /goto GM Patrick
[29/01/2013 19:15:32] /a 5
[29/01/2013 19:15:33] /a 5
[29/01/2013 19:15:33] /a 5
[29/01/2013 19:15:34] /down
[29/01/2013 19:15:35] /a 5
[29/01/2013 19:15:35] /a 5
[29/01/2013 19:15:36] /a 5
[29/01/2013 19:15:36] /a 5
[29/01/2013 19:15:36] /a 5
[29/01/2013 19:15:37] /a 5
[29/01/2013 19:15:38] /a 5
[29/01/2013 19:15:39] /a 5
[29/01/2013 19:15:44] /a 5
[29/01/2013 19:17:45] /goto GM Patrick
[29/01/2013 19:18:01] /m dog
[29/01/2013 19:18:03] /m dog
[29/01/2013 19:18:04] /m dog
[29/01/2013 19:18:05] /m dog
[29/01/2013 19:18:18] /m orshabaal
[29/01/2013 19:18:20] /m orshabaal
[29/01/2013 19:18:43] /a 2
[29/01/2013 19:18:46] /a 2
[29/01/2013 19:24:42] /b steam died
[29/01/2013 19:26:14] /c GM Patrick
[29/01/2013 19:26:50] /c GM Patrick
[29/01/2013 19:26:55] /town Farmine
[29/01/2013 19:26:58] /town Farmine
[29/01/2013 19:27:04] /c GM Patrick
[29/01/2013 19:27:05] /town carlin
[29/01/2013 19:27:13] /town Thais
[29/01/2013 19:28:09] /a 5
[29/01/2013 19:28:11] /a 2
[29/01/2013 19:28:15] /up
[29/01/2013 19:28:49] /c GM Patrick
[29/01/2013 19:28:51] /r
[29/01/2013 19:29:10] /up
[29/01/2013 19:29:12] /down
[29/01/2013 19:29:21] /a 4
[29/01/2013 19:29:22] /a 4
[29/01/2013 19:29:27] /a 4
[29/01/2013 19:29:35] /a 4
[29/01/2013 19:29:36] /a 4
[29/01/2013 19:29:37] /a 4
[29/01/2013 19:29:47] /a 4
[29/01/2013 19:29:51] /c GM Patrick
[29/01/2013 19:30:04] /a 4
[29/01/2013 19:30:05] /a 4
[29/01/2013 19:30:05] /a 4
[29/01/2013 19:30:31] /goto GM Patrick
[29/01/2013 19:30:33] /goto GM Patrick
[29/01/2013 19:30:33] /goto GM Patrick
[29/01/2013 19:30:34] /goto GM Patrick
[29/01/2013 19:30:46] /goto GM Patrick
[29/01/2013 19:30:47] /goto GM Patrick
[29/01/2013 19:30:47] /goto GM Patrick
[29/01/2013 19:30:50] /goto GM Patrick
[29/01/2013 19:30:51] /goto GM Patrick
[29/01/2013 19:30:54] /goto GM Patrick
[29/01/2013 19:30:56] /goto GM Patrick
[29/01/2013 19:31:04] /goto GM Patrick
[29/01/2013 19:31:06] /goto GM Patrick
[29/01/2013 19:31:16] /down
[29/01/2013 19:32:13] /goto GM Patrick
[29/01/2013 19:32:15] /goto GM Patrick
[29/01/2013 19:32:17] /goto GM Patrick
[29/01/2013 19:32:17] /goto GM Patrick
[29/01/2013 19:32:18] /goto GM Patrick
[29/01/2013 19:32:18] /goto GM Patrick
[29/01/2013 19:32:21] /goto GM Patrick
[29/01/2013 19:32:22] /goto GM Patrick
[29/01/2013 19:32:23] /goto GM Patrick
[29/01/2013 19:32:24] /goto GM Patrick
[29/01/2013 19:32:25] /goto GM Patrick
[29/01/2013 19:32:26] /goto GM Patrick
[29/01/2013 19:32:27] /goto GM Patrick
[29/01/2013 19:32:28] /goto GM Patrick
[29/01/2013 19:32:29] /goto GM Patrick
[29/01/2013 19:32:31] /goto GM Patrick
[29/01/2013 19:32:32] /goto GM Patrick
[29/01/2013 19:32:32] /goto GM Patrick
[29/01/2013 19:32:33] /goto GM Patrick
[29/01/2013 19:32:34] /goto GM Patrick
[29/01/2013 19:32:35] /goto GM Patrick
[29/01/2013 19:32:37] /goto GM Patrick
[29/01/2013 19:32:38] /goto GM Patrick
[29/01/2013 19:32:39] /goto GM Patrick
[29/01/2013 19:32:40] /goto GM Patrick
[29/01/2013 19:32:43] /goto GM Patrick
[29/01/2013 19:32:45] /goto GM Patrick
[29/01/2013 19:32:46] /goto GM Patrick
[29/01/2013 19:32:49] /goto GM Patrick
[29/01/2013 19:32:53] /goto GM Patrick
[29/01/2013 19:32:54] /goto GM Patrick
[29/01/2013 19:32:55] /goto GM Patrick
[29/01/2013 19:32:56] /goto GM Patrick
[29/01/2013 19:32:57] /goto GM Patrick
[29/01/2013 19:32:58] /goto GM Patrick
[29/01/2013 19:32:59] /goto GM Patrick
[29/01/2013 19:32:59] /goto GM Patrick
[29/01/2013 19:33:05] /town Ankramun
[29/01/2013 19:33:10] /b how spell ank
[29/01/2013 19:33:12] /goto GM Patrick
[29/01/2013 19:33:14] /goto GM Patrick
[29/01/2013 19:33:20] /c GM Patrick
[29/01/2013 19:33:37] /a 4
[29/01/2013 19:33:48] /b wat the fuck is dis place 
[29/01/2013 19:33:50] /up
[29/01/2013 19:34:01] /up
[29/01/2013 19:34:07] /c
[29/01/2013 19:34:13] /c
[29/01/2013 19:34:18] /c GM Patrick
[29/01/2013 19:34:21] /r
[29/01/2013 19:34:35] /a 45
[29/01/2013 19:34:44] /b does it appear like this on RME
[29/01/2013 19:34:48] /goto GM Patrick
[29/01/2013 19:34:52] /goto GM Patrick
[29/01/2013 19:35:00] /goto GM Patrick
[29/01/2013 19:35:01] /goto GM Patrick
[29/01/2013 19:35:05] /goto GM Patrick
[29/01/2013 19:35:11] /goto GM Patrick
[29/01/2013 19:35:12] /goto GM Patrick
[29/01/2013 19:35:13] /goto GM Patrick
[29/01/2013 19:35:14] /goto GM Patrick
[29/01/2013 19:35:17] /goto GM Patrick
[29/01/2013 19:35:44] /goto GM Patrick
[29/01/2013 19:35:46] /goto GM Patrick
[29/01/2013 19:35:46] /goto GM Patrick
[29/01/2013 19:35:47] /goto GM Patrick
[29/01/2013 19:35:51] /goto GM Patrick
[29/01/2013 19:35:51] /goto GM Patrick
[29/01/2013 19:35:52] /goto GM Patrick
[29/01/2013 19:37:18] /goto GM Patrick
[29/01/2013 19:37:21] /goto GM Patrick
[29/01/2013 19:37:23] /goto GM Patrick
[29/01/2013 19:37:24] /goto GM Patrick
[29/01/2013 19:37:25] /goto GM Patrick
[29/01/2013 19:37:26] /goto GM Patrick
[29/01/2013 19:37:26] /goto GM Patrick
[29/01/2013 19:37:27] /goto GM Patrick
[29/01/2013 19:37:28] /goto GM Patrick
[29/01/2013 19:37:29] /goto GM Patrick
[29/01/2013 19:37:30] /goto GM Patrick
[29/01/2013 19:37:31] /goto GM Patrick
[29/01/2013 19:40:54] /up
[29/01/2013 19:40:55] /up
[29/01/2013 19:40:55] /up
[29/01/2013 19:40:57] /up
[29/01/2013 19:41:28] /b i might be using non-8.6 items file
[29/01/2013 19:41:43] /a 4
[29/01/2013 19:41:45] /a 4
[29/01/2013 19:41:46] /a 4
[29/01/2013 19:41:47] /a 2
[29/01/2013 19:41:49] /a 1
[29/01/2013 19:41:50] /a 1
[29/01/2013 19:41:54] /c GM Patrick
[29/01/2013 19:42:15] /town Svargrond
[29/01/2013 19:42:31] /c GM Patrick
[29/01/2013 19:42:58] /goto GM Patrick
[29/01/2013 19:42:59] /goto GM Patrick
[29/01/2013 19:43:01] /goto GM Patrick
[29/01/2013 19:43:04] /goto GM Patrick
[29/01/2013 19:43:05] /goto GM Patrick
[29/01/2013 19:43:17] /town Folda
[29/01/2013 19:43:26] /town Senja
[29/01/2013 19:43:30] /town Carlin
[29/01/2013 19:43:32] /a 100
[29/01/2013 19:43:35] /a 100
[29/01/2013 19:43:36] /a 50
[29/01/2013 19:43:37] /a 50
[29/01/2013 19:43:37] /a 50
[29/01/2013 19:43:39] /a 50
[29/01/2013 19:43:42] /a 50
[29/01/2013 19:43:44] /a 50
[29/01/2013 19:43:45] /a 50
[29/01/2013 19:43:46] /a 10
[29/01/2013 19:43:48] /a 10
[29/01/2013 19:43:48] /a 10
[29/01/2013 19:43:51] /a 10
[29/01/2013 19:43:51] /a 10
[29/01/2013 19:43:52] /a 10
[29/01/2013 19:43:55] /a 10hi
[29/01/2013 19:44:14] /a 5
[29/01/2013 19:44:15] /a 5
[29/01/2013 19:44:15] /a 5
[29/01/2013 19:44:16] /a 5
[29/01/2013 19:44:16] /a 5
[29/01/2013 19:44:17] /a 5
[29/01/2013 19:44:18] /a 5
[29/01/2013 19:44:18] /a 5
[29/01/2013 19:44:19] /a 5
[29/01/2013 19:44:20] /a 5
[29/01/2013 19:44:22] /a 5
[29/01/2013 19:44:26] /b fold ok?
[29/01/2013 19:44:31] /b some bugs here with me
[29/01/2013 19:44:55] /m bug
[29/01/2013 19:44:57] /m bug
[29/01/2013 19:44:57] /m bug
[29/01/2013 19:44:58] /m bug
[29/01/2013 19:45:00] /a 2
[29/01/2013 19:45:01] /m bug
[29/01/2013 19:45:02] /m bug
[29/01/2013 19:45:03] /m bug
[29/01/2013 19:45:09] /b wow lots of bugs here
[29/01/2013 19:45:11] /b come
[29/01/2013 19:45:15] /a 2
[29/01/2013 19:45:22] /b /c me
[29/01/2013 19:45:25] /b no
[29/01/2013 19:45:28] /goto me
[29/01/2013 19:45:43] /a 2
[29/01/2013 19:45:47] /down
[29/01/2013 19:45:48] /down
[29/01/2013 19:45:48] /down
[29/01/2013 19:45:54] /town Port Hope
[29/01/2013 19:46:00] /b port hope ok
[29/01/2013 19:46:04] /b liberty bay
[29/01/2013 19:46:07] /b liberty bay
[29/01/2013 19:46:11] /town liberty bay
[29/01/2013 19:46:14] /b its ok
[29/01/2013 19:46:22] /b looks like nice place
[29/01/2013 19:46:46] /b also there were bugs in senja
[29/01/2013 19:46:52] /b i find items on ground but no one here
[29/01/2013 19:46:59] /b i think its in RME maybe
[29/01/2013 19:47:07] /b items on shore near where the bugs were
[29/01/2013 19:47:13] /b 2 crossbow, 1 brass armor
[29/01/2013 19:47:19] /b ok it was unreachable though
[29/01/2013 19:47:26] /goto GM Patrick
[29/01/2013 19:47:45] /b ya
[29/01/2013 19:47:59] /goto GM Patrick
[29/01/2013 19:47:59] /goto GM Patrick
[29/01/2013 19:48:21] /c gm patrick
[29/01/2013 19:49:34] /b dis is where everyone but me and lex died
[29/01/2013 19:49:41] /b arar bring us here to hunt djinns
[29/01/2013 19:49:46] /b ended up being 4x serp spawns
[29/01/2013 19:50:06] /goto GM Patrick
[29/01/2013 19:50:21] /b this loot multiplier ok?
[29/01/2013 19:50:23] /goto GM Patrick
[29/01/2013 19:51:42] /r
[29/01/2013 19:51:57] /m ferumbras
[29/01/2013 19:51:58] /m ferumbras
[29/01/2013 20:37:11] /a 2
[29/01/2013 20:49:02] /goto GM Patrick
[29/01/2013 20:49:31] /goto GM Patrick
[29/01/2013 20:49:33] /goto GM Patrick
[29/01/2013 20:49:35] /goto GM Patrick
[29/01/2013 20:49:37] /goto GM Patrick
[29/01/2013 20:49:39] /goto GM Patrick
[29/01/2013 20:49:41] /goto GM Patrick
[29/01/2013 20:49:42] /goto GM Patrick
[29/01/2013 20:49:50] /a 2
[29/01/2013 20:49:53] /goto GM Patrick
[29/01/2013 20:49:57] /b zao pls
[29/01/2013 20:49:59] /goto GM Patrick
[29/01/2013 20:50:01] /goto GM Patrick
[29/01/2013 20:50:03] /goto GM Patrick
[29/01/2013 20:50:06] /goto GM Patrick
[29/01/2013 20:50:08] /goto GM Patrick
[29/01/2013 20:50:10] /goto GM Patrick
[29/01/2013 20:50:12] /goto GM Patrick
[29/01/2013 20:50:18] /b dis zao?
[29/01/2013 20:50:20] /goto GM Patrick
[29/01/2013 20:50:25] /goto GM Patrick
[29/01/2013 20:50:27] /goto GM Patrick
[29/01/2013 20:50:28] /goto GM Patrick
[29/01/2013 20:50:29] /goto GM Patrick
[29/01/2013 20:50:31] /goto GM Patrick
[29/01/2013 20:50:32] /goto GM Patrick
[29/01/2013 20:50:33] /goto GM Patrick
[29/01/2013 20:50:34] /goto GM Patrick
[29/01/2013 20:50:35] /goto GM Patrick
[29/01/2013 20:50:36] /goto GM Patrick
[29/01/2013 20:50:37] /goto GM Patrick
[29/01/2013 20:50:38] /goto GM Patrick
[29/01/2013 20:50:39] /goto GM Patrick
[29/01/2013 20:50:40] /goto GM Patrick
[29/01/2013 20:50:41] /goto GM Patrick
[29/01/2013 20:50:45] /goto GM Patrick
[29/01/2013 20:50:46] /goto GM Patrick
[29/01/2013 20:50:48] /goto GM Patrick
[29/01/2013 20:50:49] /goto GM Patrick
[29/01/2013 20:50:51] /goto GM Patrick
[29/01/2013 20:50:52] /goto GM Patrick
[29/01/2013 20:50:54] /goto GM Patrick
[29/01/2013 20:50:54] /goto GM Patrick
[29/01/2013 20:50:55] /goto GM Patrick
[29/01/2013 20:50:56] /goto GM Patrick
[29/01/2013 20:50:56] /goto GM Patrick
[29/01/2013 20:50:57] /goto GM Patrick
[29/01/2013 20:50:58] /goto GM Patrick
[29/01/2013 20:51:00] /up
[29/01/2013 20:51:01] /up
[29/01/2013 20:51:02] /up
[29/01/2013 20:51:03] /goto GM Patrick
[29/01/2013 20:51:04] /up
[29/01/2013 20:51:05] /up
[29/01/2013 20:51:06] /up
[29/01/2013 20:51:07] /goto GM Patrick
[29/01/2013 20:51:08] /goto GM Patrick
[29/01/2013 20:51:09] /goto GM Patrick
[29/01/2013 20:51:11] /goto GM Patrick
[29/01/2013 20:51:13] /goto GM Patrick
[29/01/2013 20:51:18] /goto GM Patrick
[29/01/2013 20:51:19] /goto GM Patrick
[29/01/2013 20:51:19] /goto GM Patrick
[29/01/2013 20:51:20] /goto GM Patrick
[29/01/2013 20:51:22] /goto GM Patrick
[29/01/2013 20:51:23] /goto GM Patrick
[29/01/2013 20:51:24] /goto GM Patrick
[29/01/2013 20:51:27] /goto GM Patrick
[29/01/2013 20:51:28] /goto GM Patrick
[29/01/2013 20:51:29] /goto GM Patrick
[29/01/2013 20:51:30] /goto GM Patrick
[29/01/2013 20:51:31] /goto GM Patrick
[29/01/2013 20:51:33] /goto GM Patrick
[29/01/2013 20:51:35] /goto GM Patrick
[29/01/2013 20:51:42] /goto GM Patrick
[29/01/2013 20:51:45] /b looks good
[29/01/2013 20:51:46] /goto GM Patrick
[29/01/2013 20:51:49] /goto GM Patrick
[29/01/2013 20:51:51] /goto GM Patrick
[29/01/2013 20:51:57] /goto GM Patrick
[29/01/2013 20:51:59] /goto GM Patrick
[29/01/2013 20:52:01] /goto GM Patrick
[29/01/2013 20:52:04] /b looks perfect
[29/01/2013 20:52:05] /goto GM Patrick
[29/01/2013 20:52:07] /goto GM Patrick
[29/01/2013 20:52:08] /goto GM Patrick
[29/01/2013 20:52:09] /goto GM Patrick
[29/01/2013 20:52:10] /goto GM Patrick
[29/01/2013 20:52:11] /goto GM Patrick
[29/01/2013 20:52:13] /goto GM Patrick
[29/01/2013 20:52:15] /goto GM Patrick
[29/01/2013 20:55:09] /goto GM Patrick
[29/01/2013 20:55:11] /goto GM Patrick
[29/01/2013 20:55:14] /goto GM Patrick
[29/01/2013 20:55:15] /goto GM Patrick
[29/01/2013 20:55:18] /goto GM Patrick
[29/01/2013 20:55:19] /goto GM Patrick
[29/01/2013 20:55:21] /goto GM Patrick
[29/01/2013 20:55:23] /goto GM Patrick
[29/01/2013 20:55:25] /goto GM Patrick
[29/01/2013 20:55:27] /goto GM Patrick
[29/01/2013 20:55:29] /goto GM Patrick
[29/01/2013 20:55:30] /goto GM Patrick
[29/01/2013 20:55:32] /goto GM Patrick
[29/01/2013 20:55:35] /goto GM Patrick
[29/01/2013 20:55:50] /goto GM Patrick
[29/01/2013 20:56:06] /town Farmine
[29/01/2013 20:56:28] /goto GM Patrick
[29/01/2013 20:56:30] /goto GM Patrick
[29/01/2013 21:15:11] /n sam
[29/01/2013 21:16:31] /n GM Patrick
[29/01/2013 21:16:35] /m GM Patrick
[29/01/2013 21:16:40] /n Aruda
[29/01/2013 21:18:28] /ghost
[29/01/2013 21:19:32] /m rat
[29/01/2013 21:19:57] /ghost
[29/01/2013 21:45:43] /b 7dis underwater?
[29/01/2013 21:46:00] /a 5
[29/01/2013 21:46:13] /a 100
[29/01/2013 21:46:15] /a 100
[29/01/2013 21:46:17] /up
[29/01/2013 21:46:26] /c GM Patrick
[29/01/2013 21:49:17] /goto GM Patrick
[29/01/2013 21:50:08] /a 2
[29/01/2013 21:50:44] /down
[29/01/2013 21:50:45] /down
[29/01/2013 21:50:47] /down
[29/01/2013 21:50:47] /down
[29/01/2013 21:50:48] /down
[29/01/2013 21:50:50] /a 5
[29/01/2013 21:50:51] /down
[29/01/2013 21:50:52] /a 5
[29/01/2013 21:50:53] /a 5
[29/01/2013 21:50:54] /a 5
[29/01/2013 21:50:54] /a 5
[29/01/2013 21:50:55] /a 5
[29/01/2013 21:50:56] /a 5
[29/01/2013 21:50:57] /a 5
[29/01/2013 21:50:57] /a 5
[29/01/2013 21:50:58] /a 5
[29/01/2013 21:51:00] /up
[29/01/2013 21:51:08] /c GM Patrick
[29/01/2013 21:51:24] /a 1
[29/01/2013 21:51:31] /goto GM Patrick
[29/01/2013 21:51:39] /goto GM Patrick
[29/01/2013 21:51:51] /goto GM Patrick
[29/01/2013 21:51:52] /goto GM Patrick
[29/01/2013 21:51:53] /goto GM Patrick
[29/01/2013 21:51:54] /goto GM Patrick
[29/01/2013 21:54:09] /b didnt work
[29/01/2013 22:01:03] /goto GM Patrick
[29/01/2013 22:01:05] /goto GM Patrick
[29/01/2013 22:09:31] /goto GM Patrick
[29/01/2013 22:09:55] /goto GM Patrick
[29/01/2013 22:10:36] /goto GM Patrick
[29/01/2013 22:10:40] /goto GM Patrick
[29/01/2013 22:10:42] /goto GM Patrick
[29/01/2013 22:10:44] /goto GM Patrick
[29/01/2013 22:10:45] /goto GM Patrick
[29/01/2013 22:10:47] /goto GM Patrick
[29/01/2013 22:12:53] /goto GM Patrick
[29/01/2013 22:15:48] /goto Dookie
[29/01/2013 22:15:51] /goto Dookie
[29/01/2013 22:18:47] /m ferumbras
[29/01/2013 22:19:01] /m ferumbras
[29/01/2013 22:19:16] /c Dookie
[29/01/2013 22:19:25] /c Dookie
[29/01/2013 22:20:07] /c Dookie
[29/01/2013 22:21:53] /m orshabaal
[29/01/2013 22:22:28] /goto Dookie
[29/01/2013 22:22:35] /raid testraid
[29/01/2013 22:26:11] /m ferumbras
[29/01/2013 22:27:07] /r
[29/01/2013 22:31:27] /r
[30/01/2013 09:32:18] /m ferumbras
[30/01/2013 09:33:07] /m ferumbras
[30/01/2013 09:35:37] /m ferumbras
[30/01/2013 09:36:58] /m rat
[30/01/2013 09:37:04] /m rat
[30/01/2013 09:37:26] /m dragon lord
[30/01/2013 09:39:12] /m ferumbras
[30/01/2013 09:39:31] /m orshabaal
[30/01/2013 09:40:32] /m serpent spawn
[30/01/2013 09:40:45] /n aruda
[30/01/2013 09:40:46] /n aruda
[30/01/2013 09:40:47] /n aruda
[30/01/2013 09:40:47] /n aruda
[30/01/2013 09:40:48] /n aruda
[30/01/2013 09:40:48] /n aruda
[30/01/2013 09:40:49] /n aruda
[30/01/2013 09:40:49] /n aruda
[30/01/2013 09:40:50] /n aruda
[30/01/2013 09:40:50] /n aruda
[30/01/2013 09:40:51] /n aruda
[30/01/2013 09:40:52] /n aruda
[30/01/2013 09:41:06] /raid testriad
[30/01/2013 09:41:10] /raid testraid
[30/01/2013 09:44:51] /raid testraid
[30/01/2013 09:44:57] /raid testraid
[30/01/2013 09:49:53] /raid raids
[30/01/2013 09:49:56] /raid example
[30/01/2013 09:50:51] /clean
[30/01/2013 09:55:49] /goto GM Patrick
[30/01/2013 22:27:02] /goto GM Patrick
[30/01/2013 22:27:08] /m hot dog
[30/01/2013 22:27:12] /goto GM Patrick
[30/01/2013 22:27:14] /goto GM Patrick
[30/01/2013 22:27:15] /goto GM Patrick
[30/01/2013 22:27:17] /goto GM Patrick
[30/01/2013 22:27:22] /goto GM Patrick
[30/01/2013 22:27:26] /goto GM Patrick
[30/01/2013 22:27:32] /goto GM Patrick
[30/01/2013 22:27:34] /goto GM Patrick
[30/01/2013 22:27:38] /goto GM Patrick
[30/01/2013 22:27:39] /goto GM Patrick
[30/01/2013 22:27:48] /goto GM Patrick
[30/01/2013 22:28:22] /goto GM Patrick
[30/01/2013 22:28:27] /goto GM Patrick
[30/01/2013 22:28:29] /goto GM Patrick
[30/01/2013 22:28:31] /goto GM Patrick
[30/01/2013 22:28:33] /goto GM Patrick
[30/01/2013 22:28:40] /goto GM Patrick
[30/01/2013 22:28:41] /goto GM Patrick
[30/01/2013 22:28:43] /goto GM Patrick
[30/01/2013 22:28:44] /goto GM Patrick
[30/01/2013 22:28:45] /goto GM Patrick
[30/01/2013 22:28:48] /goto GM Patrick
[30/01/2013 22:28:49] /goto GM Patrick
[30/01/2013 22:28:50] /goto GM Patrick
[30/01/2013 22:28:51] /goto GM Patrick
[30/01/2013 22:28:52] /goto GM Patrick
[30/01/2013 22:29:00] /goto GM Patrick
[30/01/2013 22:29:02] /goto GM Patrick
[30/01/2013 22:29:06] /goto GM Patrick
[30/01/2013 22:29:09] /goto GM Patrick
[30/01/2013 22:29:11] /goto GM Patrick
[30/01/2013 22:29:19] /goto GM Patrick
[30/01/2013 22:29:27] /goto GM Patrick
[30/01/2013 22:29:46] /goto GM Patrick
[30/01/2013 22:29:48] /goto GM Patrick
[30/01/2013 22:30:18] /goto GM Patrick
[30/01/2013 22:30:19] /goto GM Patrick
[30/01/2013 22:30:20] /goto GM Patrick
[30/01/2013 22:30:22] /goto GM Patrick
[30/01/2013 22:30:23] /goto GM Patrick
[30/01/2013 22:30:24] /goto GM Patrick
[30/01/2013 22:30:25] /goto GM Patrick
[30/01/2013 22:30:26] /goto GM Patrick
[30/01/2013 22:30:27] /goto GM Patrick
[30/01/2013 22:30:30] /goto GM Patrick
[30/01/2013 22:30:32] /goto GM Patrick
[30/01/2013 22:30:33] /goto GM Patrick
[30/01/2013 22:30:34] /goto GM Patrick
[30/01/2013 22:30:35] /goto GM Patrick
[30/01/2013 22:30:36] /goto GM Patrick
[30/01/2013 22:30:41] /goto GM Patrick
[30/01/2013 22:30:42] /goto GM Patrick
[30/01/2013 22:30:43] /goto GM Patrick
[30/01/2013 22:30:46] /goto GM Patrick
[30/01/2013 22:30:47] /goto GM Patrick
[30/01/2013 22:30:48] /goto GM Patrick
[30/01/2013 22:30:52] /goto GM Patrick
[30/01/2013 22:31:08] /goto GM Patrick
[30/01/2013 22:31:16] /goto GM Patrick
[30/01/2013 22:31:31] /c fire devil
[30/01/2013 22:31:47] /c fire devil
[30/01/2013 22:31:49] /c fire devil
[30/01/2013 22:31:51] /goto GM Patrick
[30/01/2013 22:31:54] /c fire devil
[30/01/2013 22:31:56] /c fire devil
[30/01/2013 22:31:58] /goto GM Patrick
[30/01/2013 22:32:05] /goto GM Patrick
[30/01/2013 22:32:08] /goto GM Patrick
[30/01/2013 22:32:11] /goto GM Patrick
[30/01/2013 22:32:12] /goto GM Patrick
[30/01/2013 22:32:14] /goto GM Patrick
[30/01/2013 22:32:15] /goto GM Patrick
[30/01/2013 22:32:16] /goto GM Patrick
[30/01/2013 22:32:17] /goto GM Patrick
[30/01/2013 22:32:19] /goto GM Patrick
[30/01/2013 22:32:20] /goto GM Patrick
[30/01/2013 22:32:21] /goto GM Patrick
[30/01/2013 22:32:31] /goto GM Patrick
[30/01/2013 22:32:32] /goto GM Patrick
[30/01/2013 22:32:34] /goto GM Patrick
[30/01/2013 22:32:42] /goto GM Patrick
[30/01/2013 22:32:52] /goto GM Patrick
[30/01/2013 22:32:58] /goto GM Patrick
[30/01/2013 22:33:12] /goto GM Patrick
[30/01/2013 22:33:33] /m ferumbras
[30/01/2013 22:33:49] /m ferumbras
[30/01/2013 22:33:51] /goto GM Patrick
[30/01/2013 22:33:52] /goto GM Patrick
[30/01/2013 22:33:53] /goto GM Patrick
[30/01/2013 22:33:55] /goto GM Patrick
[30/01/2013 22:33:55] /goto GM Patrick
[30/01/2013 22:33:56] /goto GM Patrick
[30/01/2013 22:33:58] /goto GM Patrick
[30/01/2013 22:33:59] /goto GM Patrick
[30/01/2013 22:34:00] /goto GM Patrick
[30/01/2013 22:34:01] /goto GM Patrick
[30/01/2013 22:34:03] /goto GM Patrick
[30/01/2013 22:34:04] /goto GM Patrick
[30/01/2013 22:34:12] /goto GM Patrick
[30/01/2013 22:34:13] /goto GM Patrick
[30/01/2013 22:34:14] /goto GM Patrick
[30/01/2013 22:34:15] /goto GM Patrick
[30/01/2013 22:34:16] /goto GM Patrick
[30/01/2013 22:34:17] /goto GM Patrick
[30/01/2013 22:34:18] /goto GM Patrick
[30/01/2013 22:34:19] /goto GM Patrick
[30/01/2013 22:34:20] /goto GM Patrick
[30/01/2013 22:34:20] /goto GM Patrick
[30/01/2013 22:34:21] /goto GM Patrick
[30/01/2013 22:34:22] /goto GM Patrick
[30/01/2013 22:34:26] /goto GM Patrick
[30/01/2013 22:34:27] /goto GM Patrick
[30/01/2013 22:34:29] /goto GM Patrick
[30/01/2013 22:34:34] /goto GM Patrick
[30/01/2013 22:35:45] /m black knight
[30/01/2013 22:35:46] /m black knight
[30/01/2013 22:35:46] /m black knight
[30/01/2013 22:35:47] /m black knight
[30/01/2013 22:36:57] /goto GM Patrick
[30/01/2013 22:38:07] /ghost
[30/01/2013 22:38:25] /ghost
[30/01/2013 22:39:12] /i 2
[30/01/2013 22:39:13] /i 2
[30/01/2013 22:39:14] /i 2
[30/01/2013 22:39:15] /i 2
[30/01/2013 22:39:17] /i 2
[30/01/2013 22:39:19] /i 2
[30/01/2013 22:39:20] /i 2
[30/01/2013 22:39:20] /i 2
[30/01/2013 22:39:23] /a 1
[30/01/2013 22:39:25] /i 2
[30/01/2013 22:39:29] /a 1
[30/01/2013 22:39:31] /i 2
[30/01/2013 22:42:47] /goto GM Patrick
[30/01/2013 22:44:45] /ghost
[30/01/2013 22:44:48] /goto GM Patrick
[30/01/2013 22:44:50] /goto GM Patrick
[30/01/2013 22:45:02] /b go on dook
[30/01/2013 22:45:17] /b im in thais
[30/01/2013 22:45:19] /b lets go hunting
[30/01/2013 22:45:49] /b coming?
[30/01/2013 22:46:02] /goto Dookie
[30/01/2013 22:46:08] /goto GM Patrick
[30/01/2013 22:46:14] /m 2 ferumbras
[30/01/2013 22:46:18] /m ferumbras 2
[30/01/2013 22:46:50] /b come on
[30/01/2013 22:47:57] /m ferumbras
[30/01/2013 22:47:57] /m ferumbras
[30/01/2013 22:47:58] /m ferumbras
[30/01/2013 22:47:58] /m ferumbras
[30/01/2013 22:48:09] /m ferumbras
[30/01/2013 22:48:53] /r
[30/01/2013 22:48:57] /r
[30/01/2013 22:48:58] /r
[30/01/2013 22:49:00] /m ferumbras
[30/01/2013 22:49:05] /r
[30/01/2013 22:49:07] /r
[30/01/2013 22:49:14] /r
[30/01/2013 22:49:38] /r
[30/01/2013 22:49:40] /r
[30/01/2013 22:49:42] /r
[30/01/2013 22:50:30] /m demon
[30/01/2013 22:50:55] /c demon
[30/01/2013 22:50:57] /r
[30/01/2013 22:50:59] /r
[30/01/2013 22:51:31] /m hydra
[30/01/2013 22:51:40] /r
[30/01/2013 22:51:45] /m demodras
[30/01/2013 22:51:58] /r
[30/01/2013 22:52:02] /m serpent spawn
[30/01/2013 22:52:20] /r
[30/01/2013 22:52:23] /m djinn
[30/01/2013 22:52:28] /m green djinn
[30/01/2013 22:52:43] /m efreet
[30/01/2013 22:52:56] /m efreet
[30/01/2013 22:52:56] /m efreet
[30/01/2013 22:52:56] /m efreet
[30/01/2013 22:52:57] /m efreet
[30/01/2013 22:52:58] /m efreet
[30/01/2013 22:53:38] /ghost
[30/01/2013 22:53:42] /m wyrm
[30/01/2013 22:54:08] /m dragon lord
[30/01/2013 22:55:47] /m ghastly dragon
[30/01/2013 22:56:58] /c dookie
[30/01/2013 22:57:01] /c dookie
[30/01/2013 22:57:10] /m demon
[30/01/2013 22:57:41] /m orshabaal
[30/01/2013 22:57:49] /r
[30/01/2013 22:58:04] /m behemoth
[30/01/2013 22:58:44] /m lizard guard
[30/01/2013 22:58:46] /m lizard
[30/01/2013 22:58:53] /m furious troll
[30/01/2013 22:58:56] /m ice troll
[30/01/2013 22:59:02] /m orc leader
[30/01/2013 22:59:31] /m nightstalker
[30/01/2013 23:00:11] /m titan
[30/01/2013 23:00:19] /m phantasm
[30/01/2013 23:00:39] /m warlock
[30/01/2013 23:02:39] /m tormentor
[30/01/2013 23:02:46] /m teneshpar
[30/01/2013 23:02:49] /m countless sorrow
[30/01/2013 23:02:53] /m nightmare scion
[30/01/2013 23:03:02] /m nightmare
[30/01/2013 23:03:05] /m hellhound
[30/01/2013 23:03:53] /m shaburak prince
[30/01/2013 23:03:57] /m asharak demon
[30/01/2013 23:04:18] /m 3478
[30/01/2013 23:04:22] /m berrypest
[30/01/2013 23:04:25] /m dryad
[30/01/2013 23:04:36] /m fan
[30/01/2013 23:04:39] /m ghost rat
[30/01/2013 23:04:46] /m gloombringer
[30/01/2013 23:04:49] /m hacker
[30/01/2013 23:04:52] /m groupie
[30/01/2013 23:05:00] /m soul spark
[30/01/2013 23:05:06] /m ship core
[30/01/2013 23:05:10] /m nightslayer
[30/01/2013 23:05:13] /m midnight spawn
[30/01/2013 23:05:27] /m lich
[30/01/2013 23:05:38] /m boreth
[30/01/2013 23:05:42] /m boogey
[30/01/2013 23:05:45] /m armenius
[30/01/2013 23:05:50] /m yellow toilet paper man
[30/01/2013 23:05:53] /m zombie
[30/01/2013 23:06:13] /m draken elite
[30/01/2013 23:06:32] /m thalas
[30/01/2013 23:06:48] /r
[30/01/2013 23:06:50] /r
[30/01/2013 23:07:12] /r
[30/01/2013 23:07:17] /m horestis
[30/01/2013 23:07:21] /m horestis
[30/01/2013 23:07:23] /m omruc
[30/01/2013 23:08:32] /m thalas
[30/01/2013 23:08:38] /m veshresamun
[30/01/2013 23:08:40] /m morguthis
[30/01/2013 23:08:46] /goto Dookie
[30/01/2013 23:08:57] /r
[30/01/2013 23:09:10] /m diphrath
[30/01/2013 23:09:12] /m dipthrah
[30/01/2013 23:09:23] /goto Dookie
[30/01/2013 23:09:39] /m dipthrah
[30/01/2013 23:10:42] /m dracola
[30/01/2013 23:11:12] /r
[30/01/2013 23:11:20] /m glitterscale
[30/01/2013 23:11:45] /m zanakeph
[30/01/2013 23:11:50] /m zanakeph
[30/01/2013 23:11:58] /m wrath of the emperor
[30/01/2013 23:12:00] /r
[30/01/2013 23:13:20] /m dracola
[30/01/2013 23:13:31] /goto GM Patrick
[30/01/2013 23:14:18] /r
[30/01/2013 23:14:19] /r
[30/01/2013 23:17:43] /c dookie
[30/01/2013 23:19:00] /m demon
[30/01/2013 23:19:42] /r demon
[30/01/2013 23:19:46] /r
[30/01/2013 23:20:45] /m dracola
[30/01/2013 23:21:06] /b he immune to errything
[30/01/2013 23:21:23] /b weak to holy/san spells
[30/01/2013 23:21:28] /goto Dookie
[30/01/2013 23:21:32] /b weak to holy/san spells
[30/01/2013 23:22:51] /a 2
[30/01/2013 23:23:07] /m ferumbras
[30/01/2013 23:23:39] /r
[30/01/2013 23:24:01] /r
[30/01/2013 23:24:03] /r
[30/01/2013 23:24:09] /m orshabaal
[30/01/2013 23:25:18] /r
[30/01/2013 23:25:22] /r
[30/01/2013 23:25:27] /r
[30/01/2013 23:25:29] /r
[30/01/2013 23:25:43] /s orshabaal
[30/01/2013 23:27:23] /s ferumbras
[30/01/2013 23:27:23] /s ferumbras
[30/01/2013 23:27:23] /s ferumbras
[30/01/2013 23:28:02] /m orshabaal
[30/01/2013 23:28:17] /c dookie
[30/01/2013 23:29:05] /s dracola
[30/01/2013 23:29:23] /s dracola
[30/01/2013 23:29:24] /s dracola
[30/01/2013 23:29:24] /s dracola
[30/01/2013 23:29:24] /s dracola
[30/01/2013 23:29:37] /b u idiet?
[30/01/2013 23:30:10] /town thais
[30/01/2013 23:30:12] /c dookie
[30/01/2013 23:30:25] /m ferumbras
[30/01/2013 23:30:32] /m ferumbras
[30/01/2013 23:30:32] /m ferumbras
[30/01/2013 23:30:32] /m ferumbras
[30/01/2013 23:30:33] /m ferumbras
[30/01/2013 23:30:33] /m ferumbras
[30/01/2013 23:30:34] /m ferumbras
[30/01/2013 23:30:34] /m ferumbras
[30/01/2013 23:30:34] /m ferumbras
[30/01/2013 23:30:35] /m ferumbras
[30/01/2013 23:30:35] /m ferumbras
[30/01/2013 23:30:35] /m ferumbras
[30/01/2013 23:30:36] /m ferumbras
[30/01/2013 23:30:37] /c dookie
[30/01/2013 23:30:37] /c dookie
[30/01/2013 23:30:38] /c dookie
[30/01/2013 23:30:43] /c dookie
[30/01/2013 23:30:43] /c dookie
[30/01/2013 23:30:44] /c dookie
[30/01/2013 23:30:44] /c dookie
[30/01/2013 23:30:44] /c dookie
[30/01/2013 23:30:45] /c dookie
[30/01/2013 23:30:45] /c dookie
[30/01/2013 23:30:45] /c dookie
[30/01/2013 23:30:46] /c dookie
[30/01/2013 23:30:46] /c dookie
[30/01/2013 23:30:46] /c dookie
[30/01/2013 23:30:47] /c dookie
[30/01/2013 23:30:47] /c dookie
[30/01/2013 23:30:48] /c dookie
[30/01/2013 23:30:48] /c dookie
[30/01/2013 23:30:49] /c dookie
[30/01/2013 23:30:49] /c dookie
[30/01/2013 23:30:49] /c dookie
[30/01/2013 23:30:50] /c dookie
[30/01/2013 23:30:50] /c dookie
[30/01/2013 23:31:29] /s orshabaal
[30/01/2013 23:31:30] /s orshabaal
[30/01/2013 23:31:36] /s orshabaal
[30/01/2013 23:31:38] /s orshabaal
[30/01/2013 23:31:49] /a 5
[30/01/2013 23:31:55] /m orshabaal
[30/01/2013 23:31:55] /m orshabaal
[30/01/2013 23:31:55] /m orshabaal
[30/01/2013 23:31:56] /m orshabaal
[30/01/2013 23:31:56] /m orshabaal
[30/01/2013 23:31:57] /m orshabaal
[30/01/2013 23:31:57] /m orshabaal
[30/01/2013 23:31:57] /m orshabaal
[30/01/2013 23:31:58] /m orshabaal
[30/01/2013 23:32:18] /a 5
[30/01/2013 23:32:19] /a 5
[30/01/2013 23:34:20] /r
[30/01/2013 23:34:21] /r
[30/01/2013 23:38:25] /r GM Patrick
[30/01/2013 23:38:58] /kick GM Patrick
[30/01/2013 23:39:06] /r
[30/01/2013 23:39:12] /r
[30/01/2013 23:39:13] /r
[30/01/2013 23:39:14] /r
[30/01/2013 23:39:16] /r
[30/01/2013 23:39:17] /r
[30/01/2013 23:39:40] /r
[30/01/2013 23:39:41] /r
[30/01/2013 23:39:42] /r
[30/01/2013 23:39:44] /r
[30/01/2013 23:39:45] /r
[30/01/2013 23:39:46] /r
[30/01/2013 23:39:47] /r
[30/01/2013 23:39:49] /r
[30/01/2013 23:39:49] /r
[30/01/2013 23:39:51] /r
[30/01/2013 23:39:52] /r
[30/01/2013 23:39:53] /r
[30/01/2013 23:40:05] /r
[30/01/2013 23:40:07] /r
[30/01/2013 23:40:08] /r
[30/01/2013 23:40:14] /r
[30/01/2013 23:40:16] /r
[30/01/2013 23:40:17] /r
[30/01/2013 23:40:17] /r
[30/01/2013 23:40:18] /r
[30/01/2013 23:40:19] /r
[30/01/2013 23:40:20] /r
[30/01/2013 23:40:22] /r
[30/01/2013 23:40:22] /r
[30/01/2013 23:40:23] /r
[30/01/2013 23:40:28] /r
[30/01/2013 23:40:38] /ghost
[30/01/2013 23:40:56] /r
[30/01/2013 23:41:12] /ghost
[30/01/2013 23:41:12] /ghost
[30/01/2013 23:41:15] /ghost
[30/01/2013 23:41:15] /ghost
[30/01/2013 23:41:17] /ghost
[30/01/2013 23:41:18] /ghost
[30/01/2013 23:41:20] /ghost
[30/01/2013 23:41:21] /ghost
[30/01/2013 23:41:24] /ghost
[30/01/2013 23:41:24] /ghost
[30/01/2013 23:41:26] /ghost
[30/01/2013 23:41:27] /ghost
[30/01/2013 23:41:28] /ghost
[30/01/2013 23:41:29] /ghost
[31/01/2013 00:10:59] /ghost
[31/01/2013 01:18:58] /m bazir
[31/01/2013 01:19:37] /m bazir
[31/01/2013 01:19:37] /m bazir
[31/01/2013 01:19:38] /m bazir
[31/01/2013 01:19:38] /m bazir
[31/01/2013 01:19:39] /m bazir
[31/01/2013 01:19:39] /m bazir
[31/01/2013 01:19:40] /m bazir
[31/01/2013 01:19:40] /m bazir
[31/01/2013 01:20:55] /m bazir
[31/01/2013 01:20:55] /m bazir
[31/01/2013 01:20:56] /m bazir
[31/01/2013 01:20:56] /m bazir
[31/01/2013 01:20:57] /m bazir
[31/01/2013 01:20:57] /m bazir
[31/01/2013 01:20:57] /m bazir
[31/01/2013 01:20:58] /m bazir
[31/01/2013 01:22:08] /m apocalypse
[31/01/2013 01:22:42] /m infernatil
[31/01/2013 01:23:30] /m tafariel
[31/01/2013 01:23:36] /m verminor
[31/01/2013 01:23:39] /m verminor
[31/01/2013 01:23:44] /m verminor
[31/01/2013 01:24:20] /m tafariel
[31/01/2013 01:24:23] /m infernatil
[31/01/2013 01:24:24] /m infernatil
[31/01/2013 01:24:25] /m infernatil
[31/01/2013 01:24:25] /m infernatil
[31/01/2013 01:24:26] /m infernatil
[31/01/2013 01:24:26] /m infernatil
[31/01/2013 01:24:26] /m infernatil
[31/01/2013 01:24:27] /m infernatil
[31/01/2013 01:25:45] /m infernatil
[31/01/2013 01:25:45] /m infernatil
[31/01/2013 01:25:46] /m infernatil
[31/01/2013 01:25:46] /m infernatil
[31/01/2013 01:25:46] /m infernatil
[31/01/2013 01:25:47] /m infernatil
[31/01/2013 01:25:47] /m infernatil
[31/01/2013 01:25:47] /m infernatil
[31/01/2013 01:27:57] /m apocalypse
[31/01/2013 01:27:57] /m apocalypse
[31/01/2013 01:27:57] /m apocalypse
[31/01/2013 01:27:58] /m apocalypse
[31/01/2013 01:27:58] /m apocalypse
[31/01/2013 01:27:58] /m apocalypse
[31/01/2013 01:28:01] /m apocalypse
[31/01/2013 01:28:01] /m apocalypse
[31/01/2013 03:50:48] /a 2
[31/01/2013 03:50:50] /down
[31/01/2013 03:50:52] /a 2
[31/01/2013 16:00:57] /b dat door wasnt registering properly
[31/01/2013 16:01:16] /m bazir
[31/01/2013 16:01:33] /m bazir
[31/01/2013 16:02:51] /m bazir
[31/01/2013 16:02:51] /m bazir
[31/01/2013 16:02:52] /m bazir
[31/01/2013 16:02:52] /m bazir
[31/01/2013 16:02:52] /m bazir
[31/01/2013 16:02:53] /m bazir
[31/01/2013 16:02:53] /m bazir
[31/01/2013 16:02:55] /m bazir
[31/01/2013 16:04:36] /b whats wrong with it
[31/01/2013 16:04:49] /r
[31/01/2013 16:06:15] /m infernatil
[31/01/2013 16:06:16] /m infernatil
[31/01/2013 16:06:16] /m infernatil
[31/01/2013 16:06:17] /m infernatil
[31/01/2013 16:06:17] /m infernatil
[31/01/2013 16:06:18] /m infernatil
[31/01/2013 16:06:18] /m infernatil
[31/01/2013 16:06:18] /m infernatil
[31/01/2013 16:07:25] /goto Farmine
[31/01/2013 16:07:36] /r
[31/01/2013 16:07:37] /r
[31/01/2013 16:07:39] /r
[31/01/2013 16:07:41] /r
[31/01/2013 16:07:46] /a 1
[31/01/2013 16:07:48] /r
[31/01/2013 16:07:51] /a 2
[31/01/2013 16:12:50] /goto GM Patrick
[31/01/2013 16:30:36] /goto GM Patrick
[31/01/2013 16:30:45] /goto GM Patrick
[31/01/2013 16:30:59] /goto GM Patrick
[31/01/2013 16:31:27] /goto GM Patrick
[31/01/2013 16:32:46] /goto GM Patrick
[31/01/2013 16:33:33] /goto GM Patrick
[31/01/2013 16:33:36] /goto GM Patrick
[31/01/2013 16:33:37] /goto GM Patrick
[31/01/2013 16:33:39] /goto GM Patrick
[31/01/2013 16:33:40] /goto GM Patrick
[31/01/2013 16:33:43] /goto GM Patrick
[31/01/2013 16:33:44] /goto GM Patrick
[31/01/2013 16:33:47] /goto GM Patrick
[31/01/2013 16:33:48] /goto GM Patrick
[31/01/2013 16:33:49] /goto GM Patrick
[31/01/2013 16:34:08] /a 1
[31/01/2013 16:35:18] /b no
[31/01/2013 16:35:21] /b no one will use it anyways
[31/01/2013 16:37:31] /goto GM Patrick
[31/01/2013 16:37:32] /goto GM Patrick
[31/01/2013 16:37:33] /goto GM Patrick
[31/01/2013 16:37:33] /goto GM Patrick
[31/01/2013 16:37:33] /goto GM Patrick
[31/01/2013 16:37:34] /goto GM Patrick
[31/01/2013 16:37:34] /goto GM Patrick
[31/01/2013 16:37:34] /goto GM Patrick
[31/01/2013 16:37:35] /goto GM Patrick
[31/01/2013 17:01:29] /m demon
[31/01/2013 17:01:30] /m demon
[31/01/2013 17:01:31] /m demon
[31/01/2013 17:01:31] /m demon
[31/01/2013 17:01:31] /m demon
[31/01/2013 17:01:31] /m demon
[31/01/2013 17:01:32] /m demon
[31/01/2013 17:04:28] /b no
[31/01/2013 17:04:32] /b dis is acceptable
[31/01/2013 17:04:37] /goto GM Patrick
[31/01/2013 17:04:47] /m dragon lord
[31/01/2013 17:04:48] /m dragon lord
[31/01/2013 17:04:48] /m dragon lord
[31/01/2013 17:04:49] /m dragon lord
[31/01/2013 17:04:49] /m dragon lord
[31/01/2013 17:04:49] /m dragon lord
[31/01/2013 17:04:50] /m dragon lord
[31/01/2013 17:04:50] /m dragon lord
[31/01/2013 17:05:38] /a GM Patrick
[31/01/2013 17:05:43] /c GM Patrick
[31/01/2013 17:06:06] /m bazir
[31/01/2013 17:06:07] /m bazir
[31/01/2013 17:06:07] /m bazir
[31/01/2013 17:06:07] /m bazir
[31/01/2013 17:06:07] /m bazir
[31/01/2013 17:06:08] /m bazir
[31/01/2013 17:06:08] /m bazir
[31/01/2013 17:06:09] /m bazir
[31/01/2013 17:07:32] /up
[31/01/2013 17:07:34] /c GM Patrick
[31/01/2013 17:08:37] /m Carlin
[31/01/2013 17:08:41] /town Carlin
[31/01/2013 17:08:44] /c GM Patrick
[31/01/2013 17:12:37] /goto GM Patrick
[31/01/2013 17:12:41] /goto GM Patrick
[31/01/2013 17:12:42] /goto GM Patrick
[31/01/2013 17:12:43] /goto GM Patrick
[31/01/2013 17:12:47] /b its ready
[31/01/2013 17:12:48] /goto GM Patrick
[31/01/2013 17:13:50] /ghost
[31/01/2013 17:17:55] /m demon
[31/01/2013 17:17:56] /m demon
[31/01/2013 17:17:56] /m demon
[31/01/2013 17:17:56] /m demon
[31/01/2013 17:17:57] /m demon
[31/01/2013 17:17:57] /m demon
[31/01/2013 17:17:57] /m demon
[31/01/2013 17:17:57] /m demon
[31/01/2013 17:17:58] /m demon
[31/01/2013 17:19:47] /m bazir
[31/01/2013 17:19:47] /m bazir
[31/01/2013 17:19:48] /m bazir
[31/01/2013 17:19:48] /m bazir
[31/01/2013 17:19:48] /m bazir
[31/01/2013 17:19:49] /m bazir
[31/01/2013 17:19:49] /m bazir
[31/01/2013 17:19:49] /m bazir
[31/01/2013 17:19:50] /m bazir
[31/01/2013 17:21:05] /m orshabaal
[31/01/2013 17:21:06] /m orshabaal
[31/01/2013 17:21:06] /m orshabaal
[31/01/2013 17:21:06] /m orshabaal
[31/01/2013 17:21:07] /m orshabaal
[31/01/2013 17:21:07] /m orshabaal
[31/01/2013 17:21:07] /m orshabaal
[31/01/2013 17:21:08] /m orshabaal
[31/01/2013 17:21:08] /m orshabaal
[31/01/2013 17:23:08] /b dis 9 orshabaal
[31/01/2013 17:23:47] /b orshabaal better lot than bazir
[31/01/2013 17:24:21] /goto GM Patrick
[31/01/2013 17:24:30] /b i need to do work now ill b back in l'heur
[31/01/2013 17:24:56] /goto GM Patrick
[31/01/2013 17:24:57] /goto GM Patrick
[31/01/2013 17:24:57] /goto GM Patrick
[31/01/2013 17:24:57] /goto GM Patrick
[31/01/2013 17:24:58] /goto GM Patrick
[31/01/2013 17:24:58] /goto GM Patrick
[31/01/2013 17:25:04] /goto GM Patrick
[31/01/2013 17:25:04] /goto GM Patrick
[31/01/2013 17:25:05] /goto GM Patrick
[31/01/2013 17:25:06] /goto GM Patrick
[31/01/2013 17:25:07] /goto GM Patrick
[31/01/2013 17:25:07] /goto GM Patrick
[31/01/2013 17:25:07] /goto GM Patrick
[31/01/2013 17:25:08] /goto GM Patrick
[31/01/2013 17:25:09] /goto GM Patrick
[31/01/2013 17:25:15] /goto GM Patrick
[31/01/2013 17:25:32] /m wyrm
[31/01/2013 17:25:33] /m wyrm
[31/01/2013 17:25:33] /m wyrm
[31/01/2013 17:25:33] /m wyrm
[31/01/2013 17:25:34] /m wyrm
[31/01/2013 17:25:34] /m wyrm
[31/01/2013 17:25:34] /m wyrm
[31/01/2013 17:25:35] /m wyrm
[31/01/2013 17:25:35] /m wyrm
[31/01/2013 17:26:35] /goto GM Patrick
[31/01/2013 17:26:36] /goto GM Patrick
[31/01/2013 17:26:37] /goto GM Patrick
[31/01/2013 17:26:37] /goto GM Patrick
[31/01/2013 17:26:37] /goto GM Patrick
[31/01/2013 17:26:38] /goto GM Patrick
[31/01/2013 17:26:38] /goto GM Patrick
[31/01/2013 17:26:38] /goto GM Patrick
[31/01/2013 17:26:39] /goto GM Patrick
[31/01/2013 17:26:40] /goto GM Patrick
[31/01/2013 17:26:41] /goto GM Patrick
[31/01/2013 17:26:43] /goto GM Patrick
[31/01/2013 17:26:44] /goto GM Patrick
[31/01/2013 17:26:46] /goto GM Patrick
[31/01/2013 17:35:55] /goto GM Patrick
[31/01/2013 17:35:58] /goto GM Patrick
[31/01/2013 17:36:06] /goto Dookie
[31/01/2013 17:36:08] /goto Dookie
[31/01/2013 17:36:39] /b are you going to use dookie
[31/01/2013 17:36:43] /b when it launches
[31/01/2013 17:37:04] /m bazir
[31/01/2013 17:37:18] /goto Dookie
[31/01/2013 17:37:38] /m bazir
[31/01/2013 17:37:40] /a 2
[31/01/2013 17:37:42] /m bazir
[31/01/2013 17:37:57] /goto Dookie
[31/01/2013 17:38:04] /goto Dookie
[31/01/2013 17:38:09] /m demon
[31/01/2013 17:38:38] /m bazir
[31/01/2013 17:38:52] /goto Dookie
[31/01/2013 17:38:56] /m bazir
[31/01/2013 17:39:11] /m bazir
[31/01/2013 17:39:12] /m bazir
[31/01/2013 17:39:12] /m bazir
[31/01/2013 17:39:12] /m bazir
[31/01/2013 17:42:22] /goto Dookie
[31/01/2013 17:42:48] /m bazir
[31/01/2013 17:43:14] /r
[31/01/2013 17:43:37] /goto Dookie
[31/01/2013 17:43:50] /m cat
[31/01/2013 17:43:58] /m cat
[31/01/2013 17:44:07] /goto Dookie
[31/01/2013 17:44:09] /goto Dookie
[31/01/2013 17:44:14] /goto Dookie
[31/01/2013 17:44:16] /goto Dookie
[31/01/2013 17:44:27] /m hydra
[31/01/2013 17:47:15] /goto Dookie
[31/01/2013 17:47:20] /m demon skeleton
[31/01/2013 17:47:20] /m demon skeleton
[31/01/2013 17:47:21] /m demon skeleton
[31/01/2013 17:47:26] /m demon skeleton
[31/01/2013 17:47:27] /m demon skeleton
[31/01/2013 17:47:27] /m demon skeleton
[31/01/2013 17:47:27] /m demon skeleton
[31/01/2013 17:47:37] /goto Dookie
[31/01/2013 17:48:16] /m demon skeleton
[31/01/2013 17:48:17] /m demon skeleton
[31/01/2013 17:48:18] /m demon skeleton
[31/01/2013 17:48:18] /m demon skeleton
[31/01/2013 17:48:18] /m demon skeleton
[31/01/2013 17:48:48] /m demon skeleton
[31/01/2013 17:48:48] /m demon skeleton
[31/01/2013 17:48:48] /m demon skeleton
[31/01/2013 17:48:49] /m demon skeleton
[31/01/2013 17:48:49] /m demon skeleton
[31/01/2013 17:48:49] /m demon skeleton
[31/01/2013 17:48:50] /m demon skeleton
[31/01/2013 17:48:54] /m demon skeleton
[31/01/2013 17:48:55] /m demon skeleton
[31/01/2013 17:48:55] /m demon skeleton
[31/01/2013 17:48:55] /m demon skeleton
[31/01/2013 17:48:55] /m demon skeleton
[31/01/2013 17:48:56] /m demon skeleton
[31/01/2013 17:49:02] /m demon skeleton
[31/01/2013 17:49:02] /m demon skeleton
[31/01/2013 17:49:02] /m demon skeleton
[31/01/2013 17:49:02] /m demon skeleton
[31/01/2013 17:50:23] /m necromancer
[31/01/2013 17:50:24] /m necromancer
[31/01/2013 17:50:24] /m necromancer
[31/01/2013 17:50:24] /m necromancer
[31/01/2013 17:50:25] /m necromancer
[31/01/2013 17:50:25] /m necromancer
[31/01/2013 17:50:25] /m necromancer
[31/01/2013 17:50:26] /m necromancer
[31/01/2013 17:50:28] /a 2
[31/01/2013 17:50:31] /m necromancer
[31/01/2013 17:50:32] /m necromancer
[31/01/2013 17:50:32] /m necromancer
[31/01/2013 17:50:32] /m necromancer
[31/01/2013 17:50:34] /a 2
[31/01/2013 17:50:52] /goto Dookie
[31/01/2013 17:51:01] /ghost
[31/01/2013 17:51:15] /a 3
[31/01/2013 17:51:18] /c Dokie
[31/01/2013 17:51:21] /c Dookie
[31/01/2013 17:51:26] /up
[31/01/2013 17:51:44] /m grim reaper
[31/01/2013 17:51:44] /m grim reaper
[31/01/2013 17:51:45] /m grim reaper
[31/01/2013 17:51:45] /m grim reaper
[31/01/2013 17:51:49] /a 3
[31/01/2013 17:51:54] /m grim reaper
[31/01/2013 17:51:54] /m grim reaper
[31/01/2013 17:51:55] /m grim reaper
[31/01/2013 17:51:55] /m grim reaper
[31/01/2013 17:51:55] /m grim reaper
[31/01/2013 17:51:55] /m grim reaper
[31/01/2013 17:52:00] /goto Dookie
[31/01/2013 17:52:05] /ghost
[31/01/2013 17:52:42] /goto Dookie
[31/01/2013 17:53:03] /a 4
[31/01/2013 17:53:26] /m necropharus
[31/01/2013 17:53:45] /a 3
[31/01/2013 17:53:49] /m grim reaper
[31/01/2013 17:53:49] /m grim reaper
[31/01/2013 17:53:50] /m grim reaper
[31/01/2013 17:53:50] /m grim reaper
[31/01/2013 17:53:51] /m grim reaper
[31/01/2013 17:53:56] /a 4
[31/01/2013 17:54:25] /m nightstalker
[31/01/2013 17:55:03] /m wyrm
[31/01/2013 17:55:03] /m wyrm
[31/01/2013 17:55:03] /m wyrm
[31/01/2013 17:55:04] /m wyrm
[31/01/2013 17:55:04] /m wyrm
[31/01/2013 17:55:04] /m wyrm
[31/01/2013 17:55:04] /m wyrm
[31/01/2013 17:55:05] /m nightstalker
[31/01/2013 17:55:07] /m wyrm
[31/01/2013 17:55:07] /m wyrm
[31/01/2013 17:55:09] /a 4
[31/01/2013 17:55:11] /m wyrm
[31/01/2013 17:55:11] /m wyrm
[31/01/2013 17:55:11] /m wyrm
[31/01/2013 17:55:12] /m wyrm
[31/01/2013 17:55:12] /m wyrm
[31/01/2013 17:55:12] /m wyrm
[31/01/2013 17:55:13] /m wyrm
[31/01/2013 17:55:15] /a 5
[31/01/2013 17:55:16] /a 5
[31/01/2013 17:55:17] /a 5
[31/01/2013 17:55:47] /m demodras
[31/01/2013 17:57:37] /goto Dookie
[31/01/2013 17:58:04] /m grim reaper
[31/01/2013 17:58:05] /m grim reaper
[31/01/2013 17:58:05] /m grim reaper
[31/01/2013 17:58:05] /m grim reaper
[31/01/2013 17:58:06] /m grim reaper
[31/01/2013 17:58:06] /m grim reaper
[31/01/2013 17:58:07] /a 2
[31/01/2013 17:58:09] /m grim reaper
[31/01/2013 17:58:09] /m grim reaper
[31/01/2013 17:58:10] /m grim reaper
[31/01/2013 17:58:10] /m grim reaper
[31/01/2013 17:58:10] /m grim reaper
[31/01/2013 17:58:11] /m grim reaper
[31/01/2013 17:58:19] /a 4
[31/01/2013 17:58:21] /m grim reaper
[31/01/2013 17:58:21] /m grim reaper
[31/01/2013 17:58:21] /m grim reaper
[31/01/2013 17:58:22] /m grim reaper
[31/01/2013 17:58:22] /m grim reaper
[31/01/2013 17:58:23] /m grim reaper
[31/01/2013 17:58:24] /m grim reaper
[31/01/2013 17:58:24] /m grim reaper
[31/01/2013 17:58:24] /m grim reaper
[31/01/2013 17:58:32] /a 5
[31/01/2013 17:58:34] /a 5
[31/01/2013 17:58:34] /a 5
[31/01/2013 17:58:34] /a 5
[31/01/2013 17:58:40] /m demon
[31/01/2013 17:58:45] /goto Dookie
[31/01/2013 17:59:03] /goto Dookie
[31/01/2013 17:59:11] /m nightstalker
[31/01/2013 17:59:11] /m nightstalker
[31/01/2013 17:59:11] /m nightstalker
[31/01/2013 17:59:12] /m nightstalker
[31/01/2013 17:59:14] /a 4
[31/01/2013 17:59:35] /goto Dookie
[31/01/2013 17:59:39] /goto Dookie
[31/01/2013 20:21:02] /goto Zao
[31/01/2013 20:21:28] /goto GM Patrick
[31/01/2013 20:21:32] /ghost
[31/01/2013 20:21:37] /goto GM Patrick
[31/01/2013 20:21:39] /goto GM Patrick
[31/01/2013 20:21:45] /b why is Zao so hard to find goddamn
[31/01/2013 20:21:46] /goto GM Patrick
[31/01/2013 20:21:47] /goto GM Patrick
[31/01/2013 20:21:51] /goto GM Patrick
[31/01/2013 20:21:56] /goto GM Patrick
[31/01/2013 20:22:01] /goto GM Patrick
[31/01/2013 20:22:03] /goto GM Patrick
[31/01/2013 20:22:05] /goto GM Patrick
[31/01/2013 20:22:17] /r
[31/01/2013 20:22:29] /a 40
[31/01/2013 20:22:30] /a 40
[31/01/2013 20:22:31] /a 40
[31/01/2013 20:23:17] /goto GM Patrick
[31/01/2013 20:23:20] /goto GM Patrick
[31/01/2013 20:23:34] /goto GM Patrick
[31/01/2013 20:23:43] /b is zao city
[31/01/2013 20:23:45] /b where depot
[31/01/2013 20:23:51] /goto GM Patrick
[31/01/2013 20:24:13] /a 3
[31/01/2013 20:24:22] /a 3
[31/01/2013 20:24:24] /a 3
[31/01/2013 20:24:25] /a 3
[31/01/2013 20:24:26] /a 3
[31/01/2013 20:24:27] /up
[31/01/2013 20:24:34] /up
[31/01/2013 20:24:36] /up
[31/01/2013 20:24:38] /a 2
[31/01/2013 20:24:44] /b its just side of floors
[31/01/2013 20:24:48] /c GM Patrick
[31/01/2013 20:24:59] /up
[31/01/2013 20:25:09] /c GM Patrick
[31/01/2013 20:25:24] /a 5
[31/01/2013 20:25:25] /a 5
[31/01/2013 20:25:25] /a 5
[31/01/2013 20:25:27] /down
[31/01/2013 20:25:27] /down
[31/01/2013 20:25:27] /down
[31/01/2013 20:25:29] /a 5
[31/01/2013 20:25:29] /a 5
[31/01/2013 20:25:30] /a 5
[31/01/2013 20:25:32] /a 2
[31/01/2013 20:26:21] /goto GM Patrick
[31/01/2013 20:28:37] /town Venore
[31/01/2013 20:29:03] /m giant spider
[31/01/2013 20:29:04] /m giant spider
[31/01/2013 20:29:06] /m bug
[31/01/2013 20:29:06] /m bug
[31/01/2013 20:29:07] /m bug
[31/01/2013 20:29:07] /m bug
[31/01/2013 20:29:07] /m bug
[31/01/2013 20:29:08] /m bug
[31/01/2013 20:29:14] /m wasp
[31/01/2013 20:29:15] /m wasp
[31/01/2013 20:29:15] /m wasp
[31/01/2013 20:29:16] /m wasp
[31/01/2013 20:29:17] /m wasp
[31/01/2013 20:29:21] /m spider
[31/01/2013 20:29:21] /m spider
[31/01/2013 20:29:21] /m spider
[31/01/2013 20:29:26] /m poison spider
[31/01/2013 20:29:27] /m poison spider
[31/01/2013 20:29:28] /m poison spider
[31/01/2013 20:29:28] /m poison spider
[31/01/2013 20:29:30] /m poison spider
[31/01/2013 20:29:40] /m tarantula
[31/01/2013 20:29:41] /m tarantula
[31/01/2013 20:50:41] /goto GM Patrick
[31/01/2013 20:50:46] /goto GM Patrick
[31/01/2013 20:57:48] /m bazir
[31/01/2013 20:57:48] /m bazir
[31/01/2013 20:57:48] /m bazir
[31/01/2013 20:57:49] /m bazir
[31/01/2013 20:57:49] /m bazir
[31/01/2013 20:57:49] /m bazir
[31/01/2013 20:57:50] /m bazir
[31/01/2013 20:57:50] /m bazir
[31/01/2013 20:57:51] /m bazir
[31/01/2013 20:57:51] /m bazir
[31/01/2013 20:57:54] /a 2
[31/01/2013 20:57:57] /m bazir
[31/01/2013 20:57:57] /m bazir
[31/01/2013 20:57:57] /m bazir
[31/01/2013 20:57:58] /m bazir
[31/01/2013 20:57:58] /m bazir
[31/01/2013 20:57:58] /m bazir
[31/01/2013 20:57:58] /m bazir
[31/01/2013 20:57:59] /m bazir
[31/01/2013 20:57:59] /m bazir
[31/01/2013 20:58:05] /goto GM Patrick
[31/01/2013 20:59:07] /b still 1.9gb
[31/01/2013 20:59:10] /b it didnt change
[31/01/2013 21:09:24] /goto GM Patrick
[31/01/2013 21:10:03] /goto Dookie
[31/01/2013 21:11:37] /goto GM Patrick
[31/01/2013 21:11:41] /goto GM Patrick
[31/01/2013 21:11:45] /goto GM Patrick
[31/01/2013 21:11:47] /goto GM Patrick
[31/01/2013 21:12:44] /goto Dookie
[31/01/2013 21:14:32] /goto Dookie
[31/01/2013 21:14:39] /goto GM Patrick
[31/01/2013 21:14:54] /goto GM Patrick
[31/01/2013 21:15:52] /goto GM Patrick
[31/01/2013 21:15:58] /r
[31/01/2013 21:16:09] /r
[31/01/2013 21:16:10] /r
[31/01/2013 21:16:11] /r
[31/01/2013 21:16:14] /a 2
[31/01/2013 21:16:15] /r
[31/01/2013 21:16:16] /r
[31/01/2013 21:16:17] /r
[31/01/2013 21:16:18] /r
[31/01/2013 21:16:19] /r
[31/01/2013 21:16:20] /r
[31/01/2013 21:16:22] /r
[31/01/2013 21:16:24] /goto GM Patrick
[31/01/2013 21:16:30] /goto GM Patrick
[31/01/2013 21:21:44] /goto GM Patrick
[31/01/2013 21:22:30] /town thais
[31/01/2013 21:25:11] /b give
[31/01/2013 21:25:13] /b or hunted
[31/01/2013 21:25:38] /n frodo
[31/01/2013 21:25:39] /n frodo
[31/01/2013 21:25:39] /n frodo
[31/01/2013 21:25:39] /n frodo
[31/01/2013 21:25:39] /n frodo
[31/01/2013 21:25:40] /n frodo
[31/01/2013 21:25:40] /n frodo
[31/01/2013 21:25:41] /b or hunted
[31/01/2013 21:25:41] /b or hunted
[31/01/2013 21:25:41] /b or hunted
[31/01/2013 21:25:41] /b or hunted
[31/01/2013 21:25:42] /b or hunted
[31/01/2013 21:25:42] /b or hunted
[31/01/2013 21:25:42] /b or hunted
[31/01/2013 21:25:43] /b or hunted
[31/01/2013 21:25:43] /b or hunted
[31/01/2013 21:25:44] /n frodo
[31/01/2013 21:25:45] /n frodo
[31/01/2013 21:25:45] /n frodo
[31/01/2013 21:25:45] /n frodo
[31/01/2013 21:25:46] /n frodo
[31/01/2013 21:25:46] /n frodo
[31/01/2013 21:25:46] /n frodo
[31/01/2013 21:25:47] /n frodo
[31/01/2013 21:25:47] /n frodo
[31/01/2013 21:25:48] /n frodo
[31/01/2013 21:25:48] /n frodo
[31/01/2013 21:25:48] /n frodo
[31/01/2013 21:25:49] /n frodo
[31/01/2013 21:25:49] /n frodo
[31/01/2013 21:25:49] /n frodo
[31/01/2013 21:26:14] /a 2
[31/01/2013 21:26:17] /a 2
[31/01/2013 21:26:54] /n frodo
[31/01/2013 21:26:56] /n frodo
[31/01/2013 21:27:43] /goto GM Patrick
[31/01/2013 21:46:20] /town farmine
[31/01/2013 21:46:23] /up
[31/01/2013 21:46:23] /up
[31/01/2013 21:46:24] /up
[31/01/2013 21:46:24] /up
[31/01/2013 21:46:26] /down
[31/01/2013 21:46:35] /up
[31/01/2013 21:46:36] /a 20
[31/01/2013 21:46:37] /a 20
[31/01/2013 21:46:38] /up
[31/01/2013 21:46:39] /up
[31/01/2013 21:46:41] /up
[31/01/2013 21:46:42] /a 20
[31/01/2013 21:46:43] /up
[31/01/2013 21:46:44] /a 20
[31/01/2013 21:46:45] /a 20
[31/01/2013 21:46:46] /up
[31/01/2013 21:46:52] /town Farmine
[31/01/2013 21:46:53] /up
[31/01/2013 21:46:54] /up
[31/01/2013 21:46:54] /up
[31/01/2013 21:47:01] /a 50
[31/01/2013 21:47:03] /a 30
[31/01/2013 21:47:03] /a 30
[31/01/2013 21:47:05] /a 50
[31/01/2013 21:47:07] /a 50
[31/01/2013 21:47:09] /up
[31/01/2013 21:47:10] /up
[31/01/2013 21:47:49] /a 2
[31/01/2013 21:47:52] /a 2
[31/01/2013 21:53:00] /a 4
[31/01/2013 21:53:01] /a 4
[31/01/2013 21:53:01] /a 4
[31/01/2013 21:53:02] /a 4
[31/01/2013 21:53:02] /a 4
[31/01/2013 21:53:02] /a 4
[31/01/2013 21:53:03] /a 4
[31/01/2013 21:53:03] /a 4
[31/01/2013 21:53:04] /a 2
[31/01/2013 21:53:05] /a 4
[31/01/2013 21:53:06] /a 4
[31/01/2013 21:53:06] /a 4
[31/01/2013 21:53:07] /a 4
[31/01/2013 21:53:13] /a 4
[31/01/2013 21:53:13] /a 4
[31/01/2013 21:53:14] /a 4
[31/01/2013 21:53:14] /a 4
[31/01/2013 21:53:15] /a 4
[31/01/2013 21:53:16] /a 4
[31/01/2013 21:53:16] /a 4
[31/01/2013 21:53:17] /a 4
[31/01/2013 21:53:18] /a 4
[31/01/2013 22:07:48] /town port hope
[31/01/2013 22:09:14] /a 4
[31/01/2013 22:09:15] /a 4
[31/01/2013 22:09:15] /a 4
[31/01/2013 22:09:15] /a 4
[31/01/2013 22:09:16] /a 4
[31/01/2013 22:09:16] /a 4
[31/01/2013 22:09:16] /a 4
[31/01/2013 22:09:17] /a 4
[31/01/2013 22:09:17] /a 4
[31/01/2013 22:09:19] /a 4
[31/01/2013 22:09:19] /a 4
[31/01/2013 22:09:20] /a 4
[31/01/2013 22:09:21] /a 4
[31/01/2013 22:09:21] /a 4
[31/01/2013 22:09:22] /a 4
[31/01/2013 22:09:22] /a 4
[31/01/2013 22:09:23] /a 4
[31/01/2013 22:09:23] /a 4
[31/01/2013 22:09:23] /a 4
[31/01/2013 22:09:24] /a 4
[31/01/2013 22:09:24] /a 4
[31/01/2013 22:09:24] /a 4
[31/01/2013 22:09:25] /a 4
[31/01/2013 22:09:25] /a 4
[31/01/2013 22:09:25] /a 4
[31/01/2013 22:09:26] /a 4
[31/01/2013 22:09:26] /a 4
[31/01/2013 22:09:28] /town port hope
[31/01/2013 22:09:30] /a 4
[31/01/2013 22:09:30] /a 4
[31/01/2013 22:09:30] /a 4
[31/01/2013 22:09:32] /down
[31/01/2013 22:09:33] /a 100
[31/01/2013 22:09:34] /a 100
[31/01/2013 22:09:36] /a 5
[31/01/2013 22:09:37] /a 5
[31/01/2013 22:09:37] /a 5
[31/01/2013 22:09:38] /a 5
[31/01/2013 22:09:38] /a 5
[31/01/2013 22:09:39] /a 100
[31/01/2013 22:09:40] /a 100
[31/01/2013 22:09:40] /a 100
[31/01/2013 22:09:42] /a 5
[31/01/2013 22:09:46] /a 5
[31/01/2013 22:09:46] /a 5
[31/01/2013 22:09:47] /a 5
[31/01/2013 22:09:47] /a 5
[31/01/2013 22:09:47] /a 5
[31/01/2013 22:09:48] /a 5
[31/01/2013 22:09:48] /a 5
[31/01/2013 22:09:49] /a 5
[31/01/2013 22:09:49] /a 5
[31/01/2013 22:09:49] /a 5
[31/01/2013 22:09:51] /a 100
[31/01/2013 22:09:53] /a 5
[31/01/2013 22:09:53] /a 5
[31/01/2013 22:09:54] /a 5
[31/01/2013 22:09:54] /a 5
[31/01/2013 22:09:55] /a 5
[31/01/2013 22:09:55] /a 5
[31/01/2013 22:09:56] /a 5
[31/01/2013 22:09:56] /a 5
[31/01/2013 22:09:57] /a 5
[31/01/2013 22:09:58] /a 5
[31/01/2013 22:09:59] /a 5
[31/01/2013 22:09:59] /a 5
[31/01/2013 22:10:00] /a 5
[31/01/2013 22:10:00] /a 5
[31/01/2013 22:10:01] /a 5
[31/01/2013 22:10:01] /a 5
[31/01/2013 22:10:01] /a 5
[31/01/2013 22:10:03] /a 5
[31/01/2013 22:10:03] /a 5
[31/01/2013 22:10:04] /a 5
[31/01/2013 22:10:05] /a 5
[31/01/2013 22:10:05] /a 5
[31/01/2013 22:10:06] /a 5
[31/01/2013 22:10:06] /a 5
[31/01/2013 22:10:07] /a 5
[31/01/2013 22:10:07] /a 5
[31/01/2013 22:10:43] /a 50
[31/01/2013 22:10:44] /a 50
[31/01/2013 22:10:44] /a 50
[31/01/2013 22:10:46] /a 50
[31/01/2013 22:10:47] /a 50
[31/01/2013 22:10:48] /a 50
[31/01/2013 22:10:52] /a 5
[31/01/2013 22:10:52] /a 5
[31/01/2013 22:10:52] /a 5
[31/01/2013 22:10:53] /a 5
[31/01/2013 22:10:53] /a 5
[31/01/2013 22:10:57] /a 5
[31/01/2013 22:11:00] /up
[31/01/2013 22:11:01] /up
[31/01/2013 22:11:02] /up
[31/01/2013 22:11:02] /up
[31/01/2013 22:11:05] /down
[31/01/2013 22:11:05] /down
[31/01/2013 22:11:06] /down
[31/01/2013 22:11:06] /down
[31/01/2013 22:11:07] /down
[31/01/2013 22:11:11] /up
[31/01/2013 22:11:11] /up
[31/01/2013 22:11:13] /up
[31/01/2013 22:11:14] /up
[31/01/2013 22:11:14] /up
[31/01/2013 22:11:14] /up
[31/01/2013 22:11:18] /up
[31/01/2013 22:12:18] /a 5
[31/01/2013 22:13:28] /up
[31/01/2013 23:01:02] /up
[31/01/2013 23:01:04] /a 5
[31/01/2013 23:01:05] /a 5
[31/01/2013 23:01:05] /a 5
[31/01/2013 23:01:06] /a 5
[31/01/2013 23:01:06] /a 5
[31/01/2013 23:01:06] /a 5
[31/01/2013 23:01:08] /a 100
[31/01/2013 23:01:10] /a 40
[31/01/2013 23:01:12] /a 50
[31/01/2013 23:01:16] /a 2
[31/01/2013 23:01:16] /a 2
[31/01/2013 23:01:17] /a 2
[31/01/2013 23:01:18] /a 2
[31/01/2013 23:01:19] /a 2
[31/01/2013 23:01:20] /a 50
[31/01/2013 23:01:23] /a 4
[31/01/2013 23:01:24] /down
[31/01/2013 23:01:26] /a 4
[31/01/2013 23:01:27] /a 4
[31/01/2013 23:01:27] /a 4
[31/01/2013 23:01:28] /down
[31/01/2013 23:01:30] /up
[31/01/2013 23:01:30] /up
[31/01/2013 23:01:31] /up
[31/01/2013 23:01:33] /a 5
[31/01/2013 23:01:36] /a 500
[31/01/2013 23:01:37] /a 100
[31/01/2013 23:01:48] /a 100
[31/01/2013 23:01:49] /a 100
[31/01/2013 23:02:04] /town farmine
[31/01/2013 23:02:10] /up
[31/01/2013 23:02:11] /up
[31/01/2013 23:02:11] /up
[31/01/2013 23:02:11] /up
[31/01/2013 23:02:14] /a 100
[31/01/2013 23:02:16] /a 150
[31/01/2013 23:02:20] /up
[31/01/2013 23:02:21] /up
[31/01/2013 23:02:27] /a 50
[31/01/2013 23:02:53] /a 50
[31/01/2013 23:02:54] /a 50
[31/01/2013 23:03:03] /a 50
[01/02/2013 06:03:08] /town Folda
[01/02/2013 06:03:11] /town Carlin
[01/02/2013 06:03:14] /a 5
[01/02/2013 06:03:14] /a 5
[01/02/2013 06:03:15] /a 5
[01/02/2013 06:03:15] /a 5
[01/02/2013 06:03:15] /a 5
[01/02/2013 06:03:16] /a 5
[01/02/2013 06:03:16] /a 5
[01/02/2013 06:03:17] /a 5
[01/02/2013 06:03:17] /a 5
[01/02/2013 06:03:17] /a 5
[01/02/2013 06:03:18] /a 5
[01/02/2013 06:03:18] /a 5
[01/02/2013 06:03:18] /a 5
[01/02/2013 06:03:19] /a 5
[01/02/2013 06:03:19] /a 5
[01/02/2013 06:03:19] /a 5
[01/02/2013 06:03:20] /a 5
[01/02/2013 06:03:20] /a 5
[01/02/2013 06:03:21] /a 5
[01/02/2013 06:03:22] /a 5
[01/02/2013 06:03:23] /a 5
[01/02/2013 06:03:23] /a 5
[01/02/2013 06:03:23] /a 5
[01/02/2013 06:03:24] /a 5
[01/02/2013 06:03:24] /town Carlin
[01/02/2013 06:03:27] /a 5
[01/02/2013 06:03:27] /a 5
[01/02/2013 06:03:28] /a 5
[01/02/2013 06:03:28] /a 5
[01/02/2013 06:03:29] /a 5
[01/02/2013 06:03:29] /a 5
[01/02/2013 06:03:30] /a 5
[01/02/2013 06:03:32] /a 5
[01/02/2013 06:03:32] /a 5
[01/02/2013 06:03:33] /a 5
[01/02/2013 06:03:34] /a 5
[01/02/2013 06:03:34] /a 5
[01/02/2013 06:03:35] /a 5
[01/02/2013 06:03:36] /a 5
[01/02/2013 06:03:39] /a 59
[01/02/2013 06:03:40] /a 59
[01/02/2013 06:03:45] /a 59
[01/02/2013 06:03:46] /a 5
[01/02/2013 06:03:47] /a 5
[01/02/2013 06:03:47] /a 5
[01/02/2013 06:03:48] /a 5
[01/02/2013 06:03:49] /a 5
[01/02/2013 06:03:50] /a 5
[01/02/2013 06:03:50] /a 5
[01/02/2013 06:05:28] /a 100
[01/02/2013 06:05:30] /a 100
[01/02/2013 06:05:32] /a 100
[01/02/2013 06:05:34] /a 100
[01/02/2013 06:05:35] /a 100
[01/02/2013 06:05:50] /down
[01/02/2013 06:05:51] /down
[01/02/2013 06:05:52] /down
[01/02/2013 06:05:54] /down
[01/02/2013 06:05:56] /up
[01/02/2013 06:06:07] /down
[01/02/2013 06:06:08] /down
[01/02/2013 06:06:11] /a 50
[01/02/2013 06:06:14] /a 
[01/02/2013 06:06:15] /a 2
[01/02/2013 06:06:16] /a 2
[01/02/2013 06:06:16] /a 2
[01/02/2013 06:06:18] /a 2/up
[01/02/2013 06:06:23] /up
[01/02/2013 06:06:24] /up
[01/02/2013 06:06:28] /down
[01/02/2013 06:06:28] /down
[01/02/2013 06:06:29] /down
[01/02/2013 06:06:33] /a 2
[01/02/2013 06:06:33] /a 2
[01/02/2013 06:06:34] /a 2
[01/02/2013 06:06:35] /up
[01/02/2013 06:06:36] /up
[01/02/2013 06:06:36] /up
[01/02/2013 06:06:40] /a 2
[01/02/2013 06:06:40] /a 2
[01/02/2013 06:06:41] /a 2
[01/02/2013 06:06:41] /a 2
[01/02/2013 06:06:42] /a 2
[01/02/2013 06:06:42] /a 2
[01/02/2013 06:06:43] /a 2
[01/02/2013 06:06:45] /a 2
[01/02/2013 06:06:47] /up
[01/02/2013 07:26:43] /town Thais
[01/02/2013 07:27:56] /ghost
[02/02/2013 00:56:12] /goto GM Patrick
[02/02/2013 00:56:23] /goto Poop Dick
[02/02/2013 00:56:25] /goto Poop Dick
[02/02/2013 00:56:57] /town Farmine
[02/02/2013 00:57:09] /c Poop Dick
[02/02/2013 00:57:16] /town Thais
[2/2/2013 3:45:28] /m bazi
[2/2/2013 3:45:29] /m bazir
[2/2/2013 3:48:53] /town farmine
[2/2/2013 3:48:55] /town Zao
[2/2/2013 3:49:5] /town carlin
[2/2/2013 3:49:17] /town thais
[2/2/2013 3:50:1] /reload
[2/2/2013 3:50:6] /reload all
[2/2/2013 3:50:11] /town Farmine
[2/2/2013 3:50:19] /b i replaced it
[2/2/2013 3:50:23] /goto GM Patrick
[2/2/2013 3:51:7] /goto GM Patrick
[2/2/2013 3:51:14] /goto GM Patrick
[2/2/2013 3:51:16] /goto GM Patrick
[2/2/2013 3:51:22] /b its all fucked
[2/2/2013 3:51:23] /goto GM Patrick
[2/2/2013 3:51:31] /goto GM Patrick
[2/2/2013 4:26:7] /goto Barek Masturbator
[2/2/2013 4:26:9] /ghost
[2/2/2013 4:26:27] /m bazir
[2/2/2013 4:26:44] /m bazir
[2/2/2013 4:27:15] /m giant spider
[2/2/2013 4:27:33] /ghost
[2/2/2013 4:27:42] /m giant spider
[2/2/2013 4:27:43] /m giant spider
[2/2/2013 4:27:49] /m giant spider
[2/2/2013 4:27:50] /m giant spider
[2/2/2013 4:27:50] /m giant spider
[2/2/2013 4:27:59] /m giant spider
[2/2/2013 4:27:59] /m giant spider
[2/2/2013 4:28:1] /m giant spider
[2/2/2013 4:28:5] /m giant spider
[2/2/2013 4:28:16] /m giant spider
[2/2/2013 4:28:36] /m giant spider
[2/2/2013 4:28:39] /m giant spider
[2/2/2013 4:28:42] /m giant spider
[2/2/2013 4:28:42] /m giant spider
[2/2/2013 4:28:43] /m giant spider
[2/2/2013 4:28:50] /m giant spider
[2/2/2013 4:28:50] /m giant spider
[2/2/2013 4:28:51] /m giant spider
[2/2/2013 4:28:58] /m giant spider
[2/2/2013 4:28:59] /m giant spider
[2/2/2013 4:28:59] /m giant spider
[2/2/2013 4:29:0] /m giant spider
[2/2/2013 4:29:3] /m giant spider
[2/2/2013 4:29:3] /m giant spider
[2/2/2013 4:29:4] /m giant spider
[2/2/2013 4:29:13] /town Thais
[2/2/2013 4:29:23] /m giant spider
[2/2/2013 4:29:24] /m giant spider
[2/2/2013 4:29:24] /m giant spider
[2/2/2013 4:29:25] /m giant spider
[2/2/2013 4:29:27] /m giant spider
[2/2/2013 4:29:27] /m giant spider
[2/2/2013 4:29:28] /m giant spider
[2/2/2013 4:29:30] /m giant spider
[2/2/2013 4:29:30] /m giant spider
[2/2/2013 4:29:31] /m giant spider
[2/2/2013 4:29:33] /m giant spider
[2/2/2013 4:29:34] /m giant spider
[2/2/2013 4:29:35] /m giant spider
[2/2/2013 4:29:35] /m giant spider
[2/2/2013 4:29:36] /m giant spider
[2/2/2013 4:29:38] /a 2
[2/2/2013 4:29:43] /m giant spider
[2/2/2013 4:29:44] /m giant spider
[2/2/2013 4:29:45] /m demon
[2/2/2013 4:29:45] /m demon
[2/2/2013 4:29:46] /m demon
[2/2/2013 4:29:46] /m demon
[2/2/2013 4:29:49] /ghost
[2/2/2013 4:29:52] /goto Barek~
[2/2/2013 4:30:32] /ghost
[2/2/2013 4:31:23] /m bazir
[2/2/2013 4:31:45] /m apocalypse
[2/2/2013 4:31:50] /m apocalypse
[2/2/2013 4:31:50] /m apocalypse
[2/2/2013 4:31:52] /m apocalypse
[2/2/2013 4:32:36] /goto Barek~
[2/2/2013 4:32:40] /m dracola
[2/2/2013 4:32:44] /m dracola
[2/2/2013 4:32:45] /m dracola
[2/2/2013 4:32:45] /m dracola
[2/2/2013 4:33:21] /m bazir
[2/2/2013 4:33:22] /m bazir
[2/2/2013 4:33:22] /m bazir
[2/2/2013 4:35:51] /b log out then back in
[2/2/2013 4:37:17] /ghost
[2/2/2013 4:39:38] /c TestWeb
[2/2/2013 4:39:40] /c TestWeb~
[2/2/2013 4:39:49] /c TestWeb~
[2/2/2013 4:43:54] /c TestWeb~
[2/2/2013 4:44:10] /a 5
[2/2/2013 4:44:11] /a 5
[2/2/2013 4:44:19] /m rat
[2/2/2013 4:44:21] /m dog
[2/2/2013 4:44:42] /goto Bare~
[2/2/2013 4:46:26] /b who gives a fuck
[2/2/2013 4:46:44] /a 1
[2/2/2013 4:46:45] /a 1
[2/2/2013 4:46:46] /a 1
[2/2/2013 4:46:59] /r
[2/2/2013 4:47:4] /r
[2/2/2013 4:47:6] /r
[2/2/2013 4:47:7] /r
[2/2/2013 4:47:8] /r
[2/2/2013 4:47:9] /r
[2/2/2013 4:47:10] /r
[2/2/2013 4:47:11] /r
[2/2/2013 4:47:15] /r
[2/2/2013 4:47:16] /r
[2/2/2013 4:47:17] /r
[2/2/2013 4:47:18] /r
[2/2/2013 4:47:20] /a 1
[2/2/2013 4:47:21] /r
[2/2/2013 4:47:23] /r
[2/2/2013 4:47:24] /r
[2/2/2013 4:47:27] /a 1
[2/2/2013 4:47:30] /a 1
[2/2/2013 4:48:25] /a 1
[2/2/2013 4:48:26] /a 1
[2/2/2013 4:48:28] /r
[2/2/2013 4:48:29] /r
[2/2/2013 4:48:30] /r
[2/2/2013 4:48:31] /r
[2/2/2013 4:48:32] /r
[2/2/2013 4:48:32] /r
[2/2/2013 4:48:34] /r
[2/2/2013 4:48:50] /r
[2/2/2013 4:48:51] /r
[2/2/2013 4:48:55] /r
[2/2/2013 4:48:56] /r
[2/2/2013 4:50:58] /b wat
[2/2/2013 4:51:3] /a 2
[2/2/2013 4:51:11] /b wat these items
[2/2/2013 4:51:31] /goto GM Patrick
[2/2/2013 4:51:38] /a 1
[2/2/2013 4:51:39] /a 1
[2/2/2013 4:51:40] /a 1
[2/2/2013 4:51:59] /a 2
[2/2/2013 4:52:8] /goto GM Patrick
[2/2/2013 4:52:10] /goto GM Patrick
[2/2/2013 4:52:12] /goto GM Patrick
[2/2/2013 4:52:15] /goto GM Patrick
[2/2/2013 4:52:16] /goto GM Patrick
[2/2/2013 4:52:19] /goto GM Patrick
[2/2/2013 4:53:2] /goto GM Patrick
[2/2/2013 4:53:12] /r
[2/2/2013 4:53:13] /r
[2/2/2013 4:53:48] /r
[2/2/2013 4:53:51] /goto GM Patrick
[2/2/2013 4:53:52] /goto GM Patrick
[2/2/2013 4:54:1] /goto GM Patrick
[2/2/2013 4:54:38] /goto GM Patrick
[2/2/2013 4:54:52] /a 1
[2/2/2013 4:55:14] /c Bare~
[2/2/2013 4:55:20] /r
[2/2/2013 4:55:48] /m ferumbras
[2/2/2013 4:55:58] /m bazir
[2/2/2013 4:55:58] /m bazir
[2/2/2013 4:55:59] /m bazir
[2/2/2013 4:56:2] /m bazir
[2/2/2013 4:56:3] /m bazir
[2/2/2013 4:56:3] /m bazir
[2/2/2013 4:56:5] /m bazir
[2/2/2013 4:56:15] /a 2
[2/2/2013 4:56:21] /b i deleted you
[2/2/2013 4:56:24] /b from bed
[2/2/2013 4:56:33] /c Ba~
[2/2/2013 4:56:41] /c Barek~
[2/2/2013 4:56:45] /c Barek Masturbator
[2/2/2013 4:56:46] /c Barek Masturbator
[2/2/2013 4:58:11] /a 2
[2/2/2013 4:58:12] /a 2
[2/2/2013 4:58:40] /b i think so
[2/2/2013 4:58:42] /r
[2/2/2013 5:23:17] /save
[2/2/2013 7:9:39] /m bazir
[2/2/2013 7:10:0] /c rat
[2/2/2013 7:10:1] /c rat
[2/2/2013 7:10:1] /c rat
[2/2/2013 7:10:5] /m rat
[2/2/2013 7:10:5] /m rat
[2/2/2013 7:10:6] /m rat
[2/2/2013 7:10:8] /m rat
[2/2/2013 7:10:10] /m rat
[2/2/2013 7:10:10] /m rat
[2/2/2013 7:10:54] /m bazir
[2/2/2013 7:11:5] /m bazir
[2/2/2013 7:11:6] /m bazir
[2/2/2013 7:11:6] /m bazir
[2/2/2013 7:11:7] /m bazir
[2/2/2013 7:11:7] /m bazir
[2/2/2013 7:11:8] /m bazir
[2/2/2013 7:11:9] /m bazir
[2/2/2013 7:11:9] /m bazir
[2/2/2013 7:11:10] /m bazir
[2/2/2013 7:11:11] /m bazir
[2/2/2013 7:11:12] /m bazir
[2/2/2013 7:11:13] /m bazir
[2/2/2013 7:11:13] /m bazir
[2/2/2013 7:12:6] /m bazir
[2/2/2013 7:12:10] /ghost
[2/2/2013 7:12:33] /b no errors
[2/2/2013 7:12:39] /b try depot
[2/2/2013 7:12:50] /b euahuhaeuhae
[2/2/2013 7:13:10] /r
[2/2/2013 7:28:6] /pos
[2/2/2013 7:28:43] /m bazir
[2/2/2013 7:28:54] /r
[2/2/2013 7:29:3] /m bazir
[2/2/2013 7:29:10] /m bazir
[2/2/2013 7:29:12] /m bazir
[2/2/2013 7:29:12] /m bazir
[2/2/2013 7:29:13] /m bazir
[2/2/2013 7:29:14] /m bazir
[2/2/2013 7:29:14] /m bazir
[2/2/2013 7:29:22] /m bazir
[2/2/2013 7:29:23] /m bazir
[2/2/2013 7:29:24] /m bazir
[2/2/2013 7:29:25] /m bazir
[2/2/2013 7:29:25] /m bazir
[2/2/2013 7:29:26] /m bazir
[2/2/2013 7:29:27] /m bazir
[2/2/2013 7:29:29] /m bazir
[2/2/2013 7:29:29] /m bazir
[2/2/2013 7:29:30] /m bazir
[2/2/2013 7:29:31] /m bazir
[2/2/2013 7:29:58] /m bazir
[2/2/2013 7:29:59] /m bazir
[2/2/2013 7:29:59] /m bazir
[2/2/2013 7:30:0] /m bazir
[2/2/2013 7:30:1] /m bazir
[2/2/2013 7:30:2] /m bazir
[2/2/2013 7:30:6] /m bazir
[2/2/2013 7:30:6] /m bazir
[2/2/2013 7:30:7] /m bazir
[2/2/2013 7:30:8] /m bazir
[2/2/2013 7:30:9] /m bazir
[2/2/2013 7:30:10] /m bazir
[2/2/2013 7:30:11] /m bazir
[2/2/2013 7:30:12] /m bazir
[2/2/2013 7:30:30] /a 4
[2/2/2013 7:30:31] /a 4
[2/2/2013 7:30:33] /m bazir
[2/2/2013 7:30:33] /m bazir
[2/2/2013 7:30:34] /m bazir
[2/2/2013 7:30:35] /m bazir
[2/2/2013 7:30:36] /m bazir
[2/2/2013 7:30:36] /m bazir
[2/2/2013 7:30:39] /m bazir
[2/2/2013 7:30:51] /b go on barek
[2/2/2013 7:31:0] /c Barek Masturbator
[2/2/2013 7:31:14] /a 3
[2/2/2013 7:31:34] /r
[2/2/2013 7:32:33] /b u never 4get ur first dragun ;_;
[2/2/2013 7:54:34] /goto GM Patrick
[2/2/2013 7:55:56] /goto Barek~
[2/2/2013 7:58:54] /a 3
[2/2/2013 7:58:56] /a 1
[2/2/2013 7:58:57] /r
[2/2/2013 7:58:58] /r
[2/2/2013 7:59:7] /b i just commit high treason
[2/2/2013 7:59:10] /b assassinated king
[2/2/2013 7:59:23] /n king tibianus
[2/2/2013 7:59:23] /n king tibianus
[2/2/2013 7:59:24] /n king tibianus
[2/2/2013 7:59:26] /n king tibianus
[2/2/2013 7:59:31] /a 3
[2/2/2013 7:59:32] /a 3
[2/2/2013 7:59:33] /a 3
[2/2/2013 7:59:33] /a 3
[2/2/2013 7:59:34] /a 3
[2/2/2013 7:59:35] /n king tibianus
[2/2/2013 7:59:36] /n king tibianus
[2/2/2013 7:59:37] /n king tibianus
[2/2/2013 7:59:37] /n king tibianus
[2/2/2013 7:59:38] /n king tibianus
[2/2/2013 7:59:38] /n king tibianus
[2/2/2013 7:59:39] /n king tibianus
[2/2/2013 7:59:39] /n king tibianus
[2/2/2013 8:0:4] /down
[2/2/2013 8:0:18] /goto GM Patrick
[2/2/2013 8:0:25] /goto GM Patrick
[2/2/2013 8:2:0] /goto GM Patrick
[2/2/2013 8:2:6] /m bazir
[2/2/2013 8:2:7] /m bazir
[2/2/2013 8:2:7] /m bazir
[2/2/2013 8:2:8] /m bazir
