[2/2/2013 19:20:20] /ghost
[2/2/2013 19:20:23] /goto Adolf Hitler
[2/2/2013 19:20:36] /m carrion worm
[2/2/2013 19:20:37] /m carrion worm
[2/2/2013 19:20:37] /m carrion worm
[2/2/2013 19:20:38] /m carrion worm
[2/2/2013 19:20:38] /m carrion worm
[2/2/2013 19:20:42] /m carrion worm
[2/2/2013 19:20:42] /m carrion worm
[2/2/2013 19:20:43] /m carrion worm
[2/2/2013 19:20:57] /up
[2/2/2013 19:20:59] /a 2
[2/2/2013 19:20:59] /a 2
[2/2/2013 19:21:6] /m carrion worm
[2/2/2013 19:21:6] /m carrion worm
[2/2/2013 19:21:7] /m carrion worm
[2/2/2013 19:21:7] /m carrion worm
[2/2/2013 19:21:8] /m carrion worm
[2/2/2013 19:21:9] /m carrion worm
[2/2/2013 19:21:9] /m carrion worm
[2/2/2013 19:21:46] /m scorpion
[2/2/2013 19:22:26] /up
[2/2/2013 19:22:30] /up
[2/2/2013 19:22:32] /up
[2/2/2013 19:22:35] /up
[2/2/2013 19:22:39] /m carrion worm
[2/2/2013 19:22:39] /m carrion worm
[2/2/2013 19:22:40] /m carrion worm
[2/2/2013 19:22:41] /m carrion worm
[2/2/2013 19:22:41] /m carrion worm
[2/2/2013 19:22:42] /m carrion worm
[2/2/2013 19:22:43] /m carrion worm
[2/2/2013 19:22:44] /m carrion worm
[2/2/2013 19:22:47] /m carrion worm
[2/2/2013 19:22:48] /m carrion worm
[2/2/2013 19:22:51] /a 3
[2/2/2013 19:23:2] /m orc warlord
[2/2/2013 19:23:30] /r
[2/2/2013 19:23:31] /r
[2/2/2013 19:23:32] /r
[2/2/2013 19:23:35] /r
[2/2/2013 19:23:36] /r
[2/2/2013 19:23:37] /r
[2/2/2013 19:23:38] /r
[2/2/2013 19:23:46] /up
[2/2/2013 19:23:48] /up
[2/2/2013 19:23:49] /up
[2/2/2013 19:24:10] /c adolf hitler
[2/2/2013 19:24:16] /b i know
[2/2/2013 19:24:26] /c adolf hitler
[2/2/2013 19:24:57] /goto GM Patrick
[2/2/2013 19:25:1] /goto Flavin
[2/2/2013 19:25:5] /goto Flavin
[2/2/2013 19:25:16] /goto Flavin
[2/2/2013 19:25:17] /goto Flavin
[2/2/2013 19:25:19] /goto Flavin
[2/2/2013 19:25:21] /goto Flavin
[2/2/2013 19:25:23] /goto Flavin
[2/2/2013 19:25:25] /goto Flavin
[2/2/2013 19:25:26] /goto Flavin
[2/2/2013 19:25:27] /goto Flavin
[2/2/2013 19:25:29] /goto Flavin
[2/2/2013 19:25:34] /goto Flavin
[2/2/2013 19:25:35] /goto Flavin
[2/2/2013 19:25:36] /goto Flavin
[2/2/2013 19:25:37] /goto Flavin
[2/2/2013 19:25:42] /r
[2/2/2013 19:25:46] /goto Flavin
[2/2/2013 19:25:47] /goto Flavin
[2/2/2013 19:25:50] /goto Flavin
[2/2/2013 19:25:51] /goto Flavin
[2/2/2013 19:26:13] /m bazir
[2/2/2013 19:26:18] /goto  Flavin
[2/2/2013 19:26:39] /goto  Flavin
[2/2/2013 19:26:43] /goto  Flavin
[2/2/2013 19:27:29] /town thais
[2/2/2013 19:30:11] /a 5
[2/2/2013 19:30:11] /a 5
[2/2/2013 19:30:12] /a 5
[2/2/2013 19:30:12] /a 5
[2/2/2013 19:30:13] /a 5
[2/2/2013 19:30:13] /a 5
[2/2/2013 19:30:14] /a 5
[2/2/2013 19:30:14] /a 5
[2/2/2013 19:30:15] /a 5
[2/2/2013 20:8:28] /goto Flavin
[2/2/2013 20:9:4] /r
[2/2/2013 20:9:16] /addskill rob,magic,2
[2/2/2013 20:9:18] /addskill rob,magic,2
[2/2/2013 20:9:23] /addskill rob,magic,2
[2/2/2013 20:9:25] /addskill rob,magic,20
[2/2/2013 20:9:30] /addskill rob,magic,100
[2/2/2013 20:9:31] /addskill rob,magic,100
[2/2/2013 20:9:31] /addskill rob,magic,100
[2/2/2013 20:9:32] /addskill rob,magic,100
[2/2/2013 20:9:32] /addskill rob,magic,100
[2/2/2013 20:9:32] /addskill rob,magic,100
[2/2/2013 20:9:33] /addskill rob,magic,100
[2/2/2013 20:9:33] /addskill rob,magic,100
[2/2/2013 20:9:33] /addskill rob,magic,100
[2/2/2013 20:9:34] /addskill rob,magic,100
[2/2/2013 20:9:50] /r
[2/2/2013 20:9:50] /r
[2/2/2013 20:9:52] /r
[2/2/2013 20:9:54] /r
[2/2/2013 20:9:55] /r
[2/2/2013 20:9:56] /r
[2/2/2013 20:9:56] /r
[2/2/2013 20:10:2] /r
[2/2/2013 20:10:7] /r
[2/2/2013 20:10:9] /r
[2/2/2013 20:10:11] /r
[2/2/2013 20:10:12] /r
[2/2/2013 20:10:14] /up
[2/2/2013 20:10:57] /b how did u set nation on website
[2/2/2013 20:13:46] /a 2
[2/2/2013 20:13:47] /a 2
[2/2/2013 20:13:47] /a 2
[2/2/2013 20:13:48] /a 2
[2/2/2013 20:13:48] /a 2
[2/2/2013 20:13:51] /a 2
[2/2/2013 20:15:12] /a 2
[2/2/2013 20:16:59] /goto Flavin
[2/2/2013 20:17:1] /r
[2/2/2013 20:17:2] /r
[2/2/2013 20:17:3] /a 3
[2/2/2013 20:17:5] /r
[2/2/2013 20:17:43] /save
[2/2/2013 20:22:15] /goto Flavin
